This is pdfTeX, Version 3.14159265-2.6-1.40.20 (TeX Live 2019/Debian) (preloaded format=pdflatex 2022.7.13)  13 JUL 2022 13:42
entering extended mode
 restricted \write18 enabled.
 file:line:error style messages enabled.
 %&-line parsing enabled.
**/home/otto/Documentos/Arquivos/pessoal/apresentacao-tcc/document.tex
(/home/otto/Documentos/Arquivos/pessoal/apresentacao-tcc/document.tex
LaTeX2e <2020-02-02> patch level 2
L3 programming layer <2020-02-14> (/home/otto/Documentos/Arquivos/pessoal/apresentacao-tcc/libs/ufc_format.cls
Document Class: libs/ufc_format 15/12/2020 v1.0 ufc template beamer
(/usr/share/texlive/texmf-dist/tex/latex/beamer/beamer.cls
Document Class: beamer 2019/09/29 v3.57 A class for typesetting presentations
(/usr/share/texlive/texmf-dist/tex/latex/beamer/beamerbasemodes.sty (/usr/share/texlive/texmf-dist/tex/latex/etoolbox/etoolbox.sty
Package: etoolbox 2019/09/21 v2.5h e-TeX tools for LaTeX (JAW)
\etb@tempcnta=\count167
)
\beamer@tempbox=\box45
\beamer@tempcount=\count168
\c@beamerpauses=\count169
 (/usr/share/texlive/texmf-dist/tex/latex/beamer/beamerbasedecode.sty
\beamer@slideinframe=\count170
\beamer@minimum=\count171
\beamer@decode@box=\box46
)
\beamer@commentbox=\box47
\beamer@modecount=\count172
) (/usr/share/texlive/texmf-dist/tex/generic/iftex/ifpdf.sty
Package: ifpdf 2019/10/25 v3.4 ifpdf legacy package. Use iftex instead.
 (/usr/share/texlive/texmf-dist/tex/generic/iftex/iftex.sty
Package: iftex 2019/11/07 v1.0c TeX engine tests
))
\headdp=\dimen134
\footheight=\dimen135
\sidebarheight=\dimen136
\beamer@tempdim=\dimen137
\beamer@finalheight=\dimen138
\beamer@animht=\dimen139
\beamer@animdp=\dimen140
\beamer@animwd=\dimen141
\beamer@leftmargin=\dimen142
\beamer@rightmargin=\dimen143
\beamer@leftsidebar=\dimen144
\beamer@rightsidebar=\dimen145
\beamer@boxsize=\dimen146
\beamer@vboxoffset=\dimen147
\beamer@descdefault=\dimen148
\beamer@descriptionwidth=\dimen149
\beamer@lastskip=\skip47
\beamer@areabox=\box48
\beamer@animcurrent=\box49
\beamer@animshowbox=\box50
\beamer@sectionbox=\box51
\beamer@logobox=\box52
\beamer@linebox=\box53
\beamer@sectioncount=\count173
\beamer@subsubsectionmax=\count174
\beamer@subsectionmax=\count175
\beamer@sectionmax=\count176
\beamer@totalheads=\count177
\beamer@headcounter=\count178
\beamer@partstartpage=\count179
\beamer@sectionstartpage=\count180
\beamer@subsectionstartpage=\count181
\beamer@animationtempa=\count182
\beamer@animationtempb=\count183
\beamer@xpos=\count184
\beamer@ypos=\count185
\beamer@ypos@offset=\count186
\beamer@showpartnumber=\count187
\beamer@currentsubsection=\count188
\beamer@coveringdepth=\count189
\beamer@sectionadjust=\count190
\beamer@tocsectionnumber=\count191
 (/usr/share/texlive/texmf-dist/tex/latex/beamer/beamerbaseoptions.sty (/usr/share/texlive/texmf-dist/tex/latex/graphics/keyval.sty
Package: keyval 2014/10/28 v1.15 key=value parser (DPC)
\KV@toks@=\toks14
))
\beamer@paperwidth=\skip48
\beamer@paperheight=\skip49
 (/usr/share/texlive/texmf-dist/tex/latex/geometry/geometry.sty
Package: geometry 2020/01/02 v5.9 Page Geometry
 (/usr/share/texlive/texmf-dist/tex/generic/iftex/ifvtex.sty
Package: ifvtex 2019/10/25 v1.7 ifvtex legacy package. Use iftex instead.
)
\Gm@cnth=\count192
\Gm@cntv=\count193
\c@Gm@tempcnt=\count194
\Gm@bindingoffset=\dimen150
\Gm@wd@mp=\dimen151
\Gm@odd@mp=\dimen152
\Gm@even@mp=\dimen153
\Gm@layoutwidth=\dimen154
\Gm@layoutheight=\dimen155
\Gm@layouthoffset=\dimen156
\Gm@layoutvoffset=\dimen157
\Gm@dimlist=\toks15
) (/usr/share/texlive/texmf-dist/tex/latex/base/size10.clo
File: size10.clo 2019/12/20 v1.4l Standard LaTeX file (size option)
) (/usr/share/texlive/texmf-dist/tex/latex/pgf/basiclayer/pgfcore.sty (/usr/share/texlive/texmf-dist/tex/latex/graphics/graphicx.sty
Package: graphicx 2019/11/30 v1.2a Enhanced LaTeX Graphics (DPC,SPQR)
 (/usr/share/texlive/texmf-dist/tex/latex/graphics/graphics.sty
Package: graphics 2019/11/30 v1.4a Standard LaTeX Graphics (DPC,SPQR)
 (/usr/share/texlive/texmf-dist/tex/latex/graphics/trig.sty
Package: trig 2016/01/03 v1.10 sin cos tan (DPC)
) (/usr/share/texlive/texmf-dist/tex/latex/graphics-cfg/graphics.cfg
File: graphics.cfg 2016/06/04 v1.11 sample graphics configuration
)
Package graphics Info: Driver file: pdftex.def on input line 105.
 (/usr/share/texlive/texmf-dist/tex/latex/graphics-def/pdftex.def
File: pdftex.def 2018/01/08 v1.0l Graphics/color driver for pdftex
))
\Gin@req@height=\dimen158
\Gin@req@width=\dimen159
) (/usr/share/texlive/texmf-dist/tex/latex/pgf/systemlayer/pgfsys.sty (/usr/share/texlive/texmf-dist/tex/latex/pgf/utilities/pgfrcs.sty (/usr/share/texlive/texmf-dist/tex/generic/pgf/utilities/pgfutil-common.tex
\pgfutil@everybye=\toks16
\pgfutil@tempdima=\dimen160
\pgfutil@tempdimb=\dimen161
 (/usr/share/texlive/texmf-dist/tex/generic/pgf/utilities/pgfutil-common-lists.tex)) (/usr/share/texlive/texmf-dist/tex/generic/pgf/utilities/pgfutil-latex.def
\pgfutil@abb=\box54
 (/usr/share/texlive/texmf-dist/tex/latex/ms/everyshi.sty
Package: everyshi 2001/05/15 v3.00 EveryShipout Package (MS)
)) (/usr/share/texlive/texmf-dist/tex/generic/pgf/utilities/pgfrcs.code.tex (/usr/share/texlive/texmf-dist/tex/generic/pgf/pgf.revision.tex)
Package: pgfrcs 2020/01/08 v3.1.5b (3.1.5b)
)) (/usr/share/texlive/texmf-dist/tex/generic/pgf/systemlayer/pgfsys.code.tex
Package: pgfsys 2020/01/08 v3.1.5b (3.1.5b)
 (/usr/share/texlive/texmf-dist/tex/generic/pgf/utilities/pgfkeys.code.tex
\pgfkeys@pathtoks=\toks17
\pgfkeys@temptoks=\toks18
 (/usr/share/texlive/texmf-dist/tex/generic/pgf/utilities/pgfkeysfiltered.code.tex
\pgfkeys@tmptoks=\toks19
))
\pgf@x=\dimen162
\pgf@y=\dimen163
\pgf@xa=\dimen164
\pgf@ya=\dimen165
\pgf@xb=\dimen166
\pgf@yb=\dimen167
\pgf@xc=\dimen168
\pgf@yc=\dimen169
\pgf@xd=\dimen170
\pgf@yd=\dimen171
\w@pgf@writea=\write3
\r@pgf@reada=\read2
\c@pgf@counta=\count195
\c@pgf@countb=\count196
\c@pgf@countc=\count197
\c@pgf@countd=\count198
\t@pgf@toka=\toks20
\t@pgf@tokb=\toks21
\t@pgf@tokc=\toks22
\pgf@sys@id@count=\count199
 (/usr/share/texlive/texmf-dist/tex/generic/pgf/systemlayer/pgf.cfg
File: pgf.cfg 2020/01/08 v3.1.5b (3.1.5b)
)
Driver file for pgf: pgfsys-pdftex.def
 (/usr/share/texlive/texmf-dist/tex/generic/pgf/systemlayer/pgfsys-pdftex.def
File: pgfsys-pdftex.def 2020/01/08 v3.1.5b (3.1.5b)
 (/usr/share/texlive/texmf-dist/tex/generic/pgf/systemlayer/pgfsys-common-pdf.def
File: pgfsys-common-pdf.def 2020/01/08 v3.1.5b (3.1.5b)
))) (/usr/share/texlive/texmf-dist/tex/generic/pgf/systemlayer/pgfsyssoftpath.code.tex
File: pgfsyssoftpath.code.tex 2020/01/08 v3.1.5b (3.1.5b)
\pgfsyssoftpath@smallbuffer@items=\count266
\pgfsyssoftpath@bigbuffer@items=\count267
) (/usr/share/texlive/texmf-dist/tex/generic/pgf/systemlayer/pgfsysprotocol.code.tex
File: pgfsysprotocol.code.tex 2020/01/08 v3.1.5b (3.1.5b)
)) (/usr/share/texlive/texmf-dist/tex/latex/xcolor/xcolor.sty
Package: xcolor 2016/05/11 v2.12 LaTeX color extensions (UK)
 (/usr/share/texlive/texmf-dist/tex/latex/graphics-cfg/color.cfg
File: color.cfg 2016/01/02 v1.6 sample color configuration
)
Package xcolor Info: Driver file: pdftex.def on input line 225.
Package xcolor Info: Model `cmy' substituted by `cmy0' on input line 1348.
Package xcolor Info: Model `hsb' substituted by `rgb' on input line 1352.
Package xcolor Info: Model `RGB' extended on input line 1364.
Package xcolor Info: Model `HTML' substituted by `rgb' on input line 1366.
Package xcolor Info: Model `Hsb' substituted by `hsb' on input line 1367.
Package xcolor Info: Model `tHsb' substituted by `hsb' on input line 1368.
Package xcolor Info: Model `HSB' substituted by `hsb' on input line 1369.
Package xcolor Info: Model `Gray' substituted by `gray' on input line 1370.
Package xcolor Info: Model `wave' substituted by `hsb' on input line 1371.
 (/usr/share/texlive/texmf-dist/tex/latex/xcolor/svgnam.def
File: svgnam.def 2016/05/11 v2.12 Predefined colors according to SVG 1.1 (UK)
)) (/usr/share/texlive/texmf-dist/tex/generic/pgf/basiclayer/pgfcore.code.tex
Package: pgfcore 2020/01/08 v3.1.5b (3.1.5b)
 (/usr/share/texlive/texmf-dist/tex/generic/pgf/math/pgfmath.code.tex (/usr/share/texlive/texmf-dist/tex/generic/pgf/math/pgfmathcalc.code.tex (/usr/share/texlive/texmf-dist/tex/generic/pgf/math/pgfmathutil.code.tex) (/usr/share/texlive/texmf-dist/tex/generic/pgf/math/pgfmathparser.code.tex
\pgfmath@dimen=\dimen172
\pgfmath@count=\count268
\pgfmath@box=\box55
\pgfmath@toks=\toks23
\pgfmath@stack@operand=\toks24
\pgfmath@stack@operation=\toks25
) (/usr/share/texlive/texmf-dist/tex/generic/pgf/math/pgfmathfunctions.code.tex (/usr/share/texlive/texmf-dist/tex/generic/pgf/math/pgfmathfunctions.basic.code.tex) (/usr/share/texlive/texmf-dist/tex/generic/pgf/math/pgfmathfunctions.trigonometric.code.tex) (/usr/share/texlive/texmf-dist/tex/generic/pgf/math/pgfmathfunctions.random.code.tex) (/usr/share/texlive/texmf-dist/tex/generic/pgf/math/pgfmathfunctions.comparison.code.tex) (/usr/share/texlive/texmf-dist/tex/generic/pgf/math/pgfmathfunctions.base.code.tex) (/usr/share/texlive/texmf-dist/tex/generic/pgf/math/pgfmathfunctions.round.code.tex) (/usr/share/texlive/texmf-dist/tex/generic/pgf/math/pgfmathfunctions.misc.code.tex) (/usr/share/texlive/texmf-dist/tex/generic/pgf/math/pgfmathfunctions.integerarithmetics.code.tex))) (/usr/share/texlive/texmf-dist/tex/generic/pgf/math/pgfmathfloat.code.tex
\c@pgfmathroundto@lastzeros=\count269
)) (/usr/share/texlive/texmf-dist/tex/generic/pgf/math/pgfint.code.tex) (/usr/share/texlive/texmf-dist/tex/generic/pgf/basiclayer/pgfcorepoints.code.tex
File: pgfcorepoints.code.tex 2020/01/08 v3.1.5b (3.1.5b)
\pgf@picminx=\dimen173
\pgf@picmaxx=\dimen174
\pgf@picminy=\dimen175
\pgf@picmaxy=\dimen176
\pgf@pathminx=\dimen177
\pgf@pathmaxx=\dimen178
\pgf@pathminy=\dimen179
\pgf@pathmaxy=\dimen180
\pgf@xx=\dimen181
\pgf@xy=\dimen182
\pgf@yx=\dimen183
\pgf@yy=\dimen184
\pgf@zx=\dimen185
\pgf@zy=\dimen186
) (/usr/share/texlive/texmf-dist/tex/generic/pgf/basiclayer/pgfcorepathconstruct.code.tex
File: pgfcorepathconstruct.code.tex 2020/01/08 v3.1.5b (3.1.5b)
\pgf@path@lastx=\dimen187
\pgf@path@lasty=\dimen188
) (/usr/share/texlive/texmf-dist/tex/generic/pgf/basiclayer/pgfcorepathusage.code.tex
File: pgfcorepathusage.code.tex 2020/01/08 v3.1.5b (3.1.5b)
\pgf@shorten@end@additional=\dimen189
\pgf@shorten@start@additional=\dimen190
) (/usr/share/texlive/texmf-dist/tex/generic/pgf/basiclayer/pgfcorescopes.code.tex
File: pgfcorescopes.code.tex 2020/01/08 v3.1.5b (3.1.5b)
\pgfpic=\box56
\pgf@hbox=\box57
\pgf@layerbox@main=\box58
\pgf@picture@serial@count=\count270
) (/usr/share/texlive/texmf-dist/tex/generic/pgf/basiclayer/pgfcoregraphicstate.code.tex
File: pgfcoregraphicstate.code.tex 2020/01/08 v3.1.5b (3.1.5b)
\pgflinewidth=\dimen191
) (/usr/share/texlive/texmf-dist/tex/generic/pgf/basiclayer/pgfcoretransformations.code.tex
File: pgfcoretransformations.code.tex 2020/01/08 v3.1.5b (3.1.5b)
\pgf@pt@x=\dimen192
\pgf@pt@y=\dimen193
\pgf@pt@temp=\dimen194
) (/usr/share/texlive/texmf-dist/tex/generic/pgf/basiclayer/pgfcorequick.code.tex
File: pgfcorequick.code.tex 2020/01/08 v3.1.5b (3.1.5b)
) (/usr/share/texlive/texmf-dist/tex/generic/pgf/basiclayer/pgfcoreobjects.code.tex
File: pgfcoreobjects.code.tex 2020/01/08 v3.1.5b (3.1.5b)
) (/usr/share/texlive/texmf-dist/tex/generic/pgf/basiclayer/pgfcorepathprocessing.code.tex
File: pgfcorepathprocessing.code.tex 2020/01/08 v3.1.5b (3.1.5b)
) (/usr/share/texlive/texmf-dist/tex/generic/pgf/basiclayer/pgfcorearrows.code.tex
File: pgfcorearrows.code.tex 2020/01/08 v3.1.5b (3.1.5b)
\pgfarrowsep=\dimen195
) (/usr/share/texlive/texmf-dist/tex/generic/pgf/basiclayer/pgfcoreshade.code.tex
File: pgfcoreshade.code.tex 2020/01/08 v3.1.5b (3.1.5b)
\pgf@max=\dimen196
\pgf@sys@shading@range@num=\count271
\pgf@shadingcount=\count272
) (/usr/share/texlive/texmf-dist/tex/generic/pgf/basiclayer/pgfcoreimage.code.tex
File: pgfcoreimage.code.tex 2020/01/08 v3.1.5b (3.1.5b)
 (/usr/share/texlive/texmf-dist/tex/generic/pgf/basiclayer/pgfcoreexternal.code.tex
File: pgfcoreexternal.code.tex 2020/01/08 v3.1.5b (3.1.5b)
\pgfexternal@startupbox=\box59
)) (/usr/share/texlive/texmf-dist/tex/generic/pgf/basiclayer/pgfcorelayers.code.tex
File: pgfcorelayers.code.tex 2020/01/08 v3.1.5b (3.1.5b)
) (/usr/share/texlive/texmf-dist/tex/generic/pgf/basiclayer/pgfcoretransparency.code.tex
File: pgfcoretransparency.code.tex 2020/01/08 v3.1.5b (3.1.5b)
) (/usr/share/texlive/texmf-dist/tex/generic/pgf/basiclayer/pgfcorepatterns.code.tex
File: pgfcorepatterns.code.tex 2020/01/08 v3.1.5b (3.1.5b)
) (/usr/share/texlive/texmf-dist/tex/generic/pgf/basiclayer/pgfcorerdf.code.tex
File: pgfcorerdf.code.tex 2020/01/08 v3.1.5b (3.1.5b)
))) (/usr/share/texlive/texmf-dist/tex/latex/pgf/utilities/xxcolor.sty
Package: xxcolor 2003/10/24 ver 0.1
\XC@nummixins=\count273
\XC@countmixins=\count274
) (/usr/share/texlive/texmf-dist/tex/generic/atbegshi/atbegshi.sty
Package: atbegshi 2019/12/05 v1.19 At begin shipout hook (HO)
 (/usr/share/texlive/texmf-dist/tex/generic/infwarerr/infwarerr.sty
Package: infwarerr 2019/12/03 v1.5 Providing info/warning/error messages (HO)
) (/usr/share/texlive/texmf-dist/tex/generic/ltxcmds/ltxcmds.sty
Package: ltxcmds 2019/12/15 v1.24 LaTeX kernel commands for general use (HO)
)) (/usr/share/texlive/texmf-dist/tex/latex/hyperref/hyperref.sty
Package: hyperref 2020/01/14 v7.00d Hypertext links for LaTeX
 (/usr/share/texlive/texmf-dist/tex/latex/pdftexcmds/pdftexcmds.sty
Package: pdftexcmds 2019/11/24 v0.31 Utility functions of pdfTeX for LuaTeX (HO)
Package pdftexcmds Info: \pdf@primitive is available.
Package pdftexcmds Info: \pdf@ifprimitive is available.
Package pdftexcmds Info: \pdfdraftmode found.
) (/usr/share/texlive/texmf-dist/tex/generic/kvsetkeys/kvsetkeys.sty
Package: kvsetkeys 2019/12/15 v1.18 Key value parser (HO)
) (/usr/share/texlive/texmf-dist/tex/generic/kvdefinekeys/kvdefinekeys.sty
Package: kvdefinekeys 2019-12-19 v1.6 Define keys (HO)
) (/usr/share/texlive/texmf-dist/tex/generic/pdfescape/pdfescape.sty
Package: pdfescape 2019/12/09 v1.15 Implements pdfTeX's escape features (HO)
) (/usr/share/texlive/texmf-dist/tex/latex/hycolor/hycolor.sty
Package: hycolor 2020-01-27 v1.10 Color options for hyperref/bookmark (HO)
) (/usr/share/texlive/texmf-dist/tex/latex/letltxmacro/letltxmacro.sty
Package: letltxmacro 2019/12/03 v1.6 Let assignment for LaTeX macros (HO)
) (/usr/share/texlive/texmf-dist/tex/latex/auxhook/auxhook.sty
Package: auxhook 2019-12-17 v1.6 Hooks for auxiliary files (HO)
) (/usr/share/texlive/texmf-dist/tex/latex/kvoptions/kvoptions.sty
Package: kvoptions 2019/11/29 v3.13 Key value format for package options (HO)
)
\@linkdim=\dimen197
\Hy@linkcounter=\count275
\Hy@pagecounter=\count276
 (/usr/share/texlive/texmf-dist/tex/latex/hyperref/pd1enc.def
File: pd1enc.def 2020/01/14 v7.00d Hyperref: PDFDocEncoding definition (HO)
Now handling font encoding PD1 ...
... no UTF-8 mapping file for font encoding PD1
) (/usr/share/texlive/texmf-dist/tex/generic/intcalc/intcalc.sty
Package: intcalc 2019/12/15 v1.3 Expandable calculations with integers (HO)
) (/usr/share/texlive/texmf-dist/tex/generic/etexcmds/etexcmds.sty
Package: etexcmds 2019/12/15 v1.7 Avoid name clashes with e-TeX commands (HO)
)
\Hy@SavedSpaceFactor=\count277
\pdfmajorversion=\count278
Package hyperref Info: Option `bookmarks' set `true' on input line 4421.
Package hyperref Info: Option `bookmarksopen' set `true' on input line 4421.
Package hyperref Info: Option `implicit' set `false' on input line 4421.
Package hyperref Info: Hyper figures OFF on input line 4547.
Package hyperref Info: Link nesting OFF on input line 4552.
Package hyperref Info: Hyper index ON on input line 4555.
Package hyperref Info: Plain pages OFF on input line 4562.
Package hyperref Info: Backreferencing OFF on input line 4567.
Package hyperref Info: Implicit mode OFF; no redefinition of LaTeX internals.
Package hyperref Info: Bookmarks ON on input line 4800.
\c@Hy@tempcnt=\count279
 (/usr/share/texlive/texmf-dist/tex/latex/url/url.sty
\Urlmuskip=\muskip16
Package: url 2013/09/16  ver 3.4  Verb mode for urls, etc.
)
LaTeX Info: Redefining \url on input line 5159.
\XeTeXLinkMargin=\dimen198
 (/usr/share/texlive/texmf-dist/tex/generic/bitset/bitset.sty
Package: bitset 2019/12/09 v1.3 Handle bit-vector datatype (HO)
 (/usr/share/texlive/texmf-dist/tex/generic/bigintcalc/bigintcalc.sty
Package: bigintcalc 2019/12/15 v1.5 Expandable calculations on big integers (HO)
))
\Fld@menulength=\count280
\Field@Width=\dimen199
\Fld@charsize=\dimen256
Package hyperref Info: Hyper figures OFF on input line 6430.
Package hyperref Info: Link nesting OFF on input line 6435.
Package hyperref Info: Hyper index ON on input line 6438.
Package hyperref Info: backreferencing OFF on input line 6445.
Package hyperref Info: Link coloring OFF on input line 6450.
Package hyperref Info: Link coloring with OCG OFF on input line 6455.
Package hyperref Info: PDF/A mode OFF on input line 6460.
LaTeX Info: Redefining \ref on input line 6500.
LaTeX Info: Redefining \pageref on input line 6504.
\Hy@abspage=\count281


Package hyperref Message: Stopped early.

)
Package hyperref Info: Driver (autodetected): hpdftex.
 (/usr/share/texlive/texmf-dist/tex/latex/hyperref/hpdftex.def
File: hpdftex.def 2020/01/14 v7.00d Hyperref driver for pdfTeX
 (/usr/share/texlive/texmf-dist/tex/latex/atveryend/atveryend.sty
Package: atveryend 2019-12-11 v1.11 Hooks at the very end of document (HO)
)
\Fld@listcount=\count282
\c@bookmark@seq@number=\count283
 (/usr/share/texlive/texmf-dist/tex/latex/rerunfilecheck/rerunfilecheck.sty
Package: rerunfilecheck 2019/12/05 v1.9 Rerun checks for auxiliary files (HO)
 (/usr/share/texlive/texmf-dist/tex/generic/uniquecounter/uniquecounter.sty
Package: uniquecounter 2019/12/15 v1.4 Provide unlimited unique counter (HO)
)
Package uniquecounter Info: New unique counter `rerunfilecheck' on input line 286.
)) (/usr/share/texlive/texmf-dist/tex/latex/beamer/beamerbaserequires.sty (/usr/share/texlive/texmf-dist/tex/latex/beamer/beamerbasecompatibility.sty) (/usr/share/texlive/texmf-dist/tex/latex/beamer/beamerbasefont.sty (/usr/share/texlive/texmf-dist/tex/latex/amsfonts/amssymb.sty
Package: amssymb 2013/01/14 v3.01 AMS font symbols
 (/usr/share/texlive/texmf-dist/tex/latex/amsfonts/amsfonts.sty
Package: amsfonts 2013/01/14 v3.01 Basic AMSFonts support
\@emptytoks=\toks26
\symAMSa=\mathgroup4
\symAMSb=\mathgroup5
LaTeX Font Info:    Redeclaring math symbol \hbar on input line 98.
LaTeX Font Info:    Overwriting math alphabet `\mathfrak' in version `bold'
(Font)                  U/euf/m/n --> U/euf/b/n on input line 106.
))) (/usr/share/texlive/texmf-dist/tex/latex/beamer/beamerbasetranslator.sty (/usr/share/texlive/texmf-dist/tex/latex/translator/translator.sty
Package: translator 2019-05-31 v1.12a Easy translation of strings in LaTeX
)) (/usr/share/texlive/texmf-dist/tex/latex/beamer/beamerbasemisc.sty) (/usr/share/texlive/texmf-dist/tex/latex/beamer/beamerbasetwoscreens.sty) (/usr/share/texlive/texmf-dist/tex/latex/beamer/beamerbaseoverlay.sty
\beamer@argscount=\count284
\beamer@lastskipcover=\skip50
\beamer@trivlistdepth=\count285
) (/usr/share/texlive/texmf-dist/tex/latex/beamer/beamerbasetitle.sty) (/usr/share/texlive/texmf-dist/tex/latex/beamer/beamerbasesection.sty
\c@lecture=\count286
\c@part=\count287
\c@section=\count288
\c@subsection=\count289
\c@subsubsection=\count290
) (/usr/share/texlive/texmf-dist/tex/latex/beamer/beamerbaseframe.sty
\beamer@framebox=\box60
\beamer@frametitlebox=\box61
\beamer@zoombox=\box62
\beamer@zoomcount=\count291
\beamer@zoomframecount=\count292
\beamer@frametextheight=\dimen257
\c@subsectionslide=\count293
\beamer@frametopskip=\skip51
\beamer@framebottomskip=\skip52
\beamer@frametopskipautobreak=\skip53
\beamer@framebottomskipautobreak=\skip54
\beamer@envbody=\toks27
\framewidth=\dimen258
\c@framenumber=\count294
) (/usr/share/texlive/texmf-dist/tex/latex/beamer/beamerbaseverbatim.sty
\beamer@verbatimfileout=\write4
) (/usr/share/texlive/texmf-dist/tex/latex/beamer/beamerbaseframesize.sty
\beamer@splitbox=\box63
\beamer@autobreakcount=\count295
\beamer@autobreaklastheight=\dimen259
\beamer@frametitletoks=\toks28
\beamer@framesubtitletoks=\toks29
) (/usr/share/texlive/texmf-dist/tex/latex/beamer/beamerbaseframecomponents.sty
\beamer@footins=\box64
) (/usr/share/texlive/texmf-dist/tex/latex/beamer/beamerbasecolor.sty) (/usr/share/texlive/texmf-dist/tex/latex/beamer/beamerbasenotes.sty
\beamer@frameboxcopy=\box65
) (/usr/share/texlive/texmf-dist/tex/latex/beamer/beamerbasetoc.sty) (/usr/share/texlive/texmf-dist/tex/latex/beamer/beamerbasetemplates.sty
\beamer@sbttoks=\toks30
 (/usr/share/texlive/texmf-dist/tex/latex/beamer/beamerbaseauxtemplates.sty (/usr/share/texlive/texmf-dist/tex/latex/beamer/beamerbaseboxes.sty
\bmb@box=\box66
\bmb@colorbox=\box67
\bmb@boxshadow=\box68
\bmb@boxshadowball=\box69
\bmb@boxshadowballlarge=\box70
\bmb@temp=\dimen260
\bmb@dima=\dimen261
\bmb@dimb=\dimen262
\bmb@prevheight=\dimen263
)
\beamer@blockheadheight=\dimen264
)) (/usr/share/texlive/texmf-dist/tex/latex/beamer/beamerbaselocalstructure.sty (/usr/share/texlive/texmf-dist/tex/latex/tools/enumerate.sty
Package: enumerate 2015/07/23 v3.00 enumerate extensions (DPC)
\@enLab=\toks31
)
\c@figure=\count296
\c@table=\count297
\abovecaptionskip=\skip55
\belowcaptionskip=\skip56
) (/usr/share/texlive/texmf-dist/tex/latex/beamer/beamerbasenavigation.sty
\beamer@section@min@dim=\dimen265
) (/usr/share/texlive/texmf-dist/tex/latex/beamer/beamerbasetheorems.sty (/usr/share/texlive/texmf-dist/tex/latex/amsmath/amsmath.sty
Package: amsmath 2020/01/20 v2.17e AMS math features
\@mathmargin=\skip57

For additional information on amsmath, use the `?' option.
(/usr/share/texlive/texmf-dist/tex/latex/amsmath/amstext.sty
Package: amstext 2000/06/29 v2.01 AMS text
 (/usr/share/texlive/texmf-dist/tex/latex/amsmath/amsgen.sty
File: amsgen.sty 1999/11/30 v2.0 generic functions
\@emptytoks=\toks32
\ex@=\dimen266
)) (/usr/share/texlive/texmf-dist/tex/latex/amsmath/amsbsy.sty
Package: amsbsy 1999/11/29 v1.2d Bold Symbols
\pmbraise@=\dimen267
) (/usr/share/texlive/texmf-dist/tex/latex/amsmath/amsopn.sty
Package: amsopn 2016/03/08 v2.02 operator names
)
\inf@bad=\count298
LaTeX Info: Redefining \frac on input line 227.
\uproot@=\count299
\leftroot@=\count300
LaTeX Info: Redefining \overline on input line 389.
\classnum@=\count301
\DOTSCASE@=\count302
LaTeX Info: Redefining \ldots on input line 486.
LaTeX Info: Redefining \dots on input line 489.
LaTeX Info: Redefining \cdots on input line 610.
\Mathstrutbox@=\box71
\strutbox@=\box72
\big@size=\dimen268
LaTeX Font Info:    Redeclaring font encoding OML on input line 733.
LaTeX Font Info:    Redeclaring font encoding OMS on input line 734.
\macc@depth=\count303
\c@MaxMatrixCols=\count304
\dotsspace@=\muskip17
\c@parentequation=\count305
\dspbrk@lvl=\count306
\tag@help=\toks33
\row@=\count307
\column@=\count308
\maxfields@=\count309
\andhelp@=\toks34
\eqnshift@=\dimen269
\alignsep@=\dimen270
\tagshift@=\dimen271
\tagwidth@=\dimen272
\totwidth@=\dimen273
\lineht@=\dimen274
\@envbody=\toks35
\multlinegap=\skip58
\multlinetaggap=\skip59
\mathdisplay@stack=\toks36
LaTeX Info: Redefining \[ on input line 2859.
LaTeX Info: Redefining \] on input line 2860.
) (/usr/share/texlive/texmf-dist/tex/latex/amscls/amsthm.sty
Package: amsthm 2017/10/31 v2.20.4
\thm@style=\toks37
\thm@bodyfont=\toks38
\thm@headfont=\toks39
\thm@notefont=\toks40
\thm@headpunct=\toks41
\thm@preskip=\skip60
\thm@postskip=\skip61
\thm@headsep=\skip62
\dth@everypar=\toks42
)
\c@theorem=\count310
) (/usr/share/texlive/texmf-dist/tex/latex/beamer/beamerbasethemes.sty)) (/usr/share/texlive/texmf-dist/tex/latex/beamer/beamerthemedefault.sty (/usr/share/texlive/texmf-dist/tex/latex/beamer/beamerfontthemedefault.sty) (/usr/share/texlive/texmf-dist/tex/latex/beamer/beamercolorthemedefault.sty) (/usr/share/texlive/texmf-dist/tex/latex/beamer/beamerinnerthemedefault.sty
\beamer@dima=\dimen275
\beamer@dimb=\dimen276
) (/usr/share/texlive/texmf-dist/tex/latex/beamer/beamerouterthemedefault.sty))) (/usr/share/texlive/texmf-dist/tex/latex/base/inputenc.sty
Package: inputenc 2018/08/11 v1.3c Input encoding file
\inpenc@prehook=\toks43
\inpenc@posthook=\toks44
) (/usr/share/texlive/texmf-dist/tex/generic/babel/babel.sty
Package: babel 2020/02/14 3.40 The Babel package
 (/usr/share/texlive/texmf-dist/tex/generic/babel/switch.def
File: switch.def 2020/02/14 3.40 Babel switching mechanism
) (/usr/share/texlive/texmf-dist/tex/generic/babel-portuges/portuges.ldf
Language: portuges 2008/03/18 v1.2q Portuguese support from the babel system
 (/usr/share/texlive/texmf-dist/tex/generic/babel/babel.def
File: babel.def 2020/02/14 3.40 Babel common definitions
\babel@savecnt=\count311
\U@D=\dimen277
 (/usr/share/texlive/texmf-dist/tex/generic/babel/txtbabel.def)
\bbl@readstream=\read3
LaTeX Info: Redefining \textlatin on input line 2319.
\bbl@dirlevel=\count312
)
Package babel Info: \l@brazil = using hyphenrules for portuguese
(babel)             (\language5) on input line 113.
Package babel Info: Making " an active character on input line 145.
)) (/usr/share/texlive/texmf-dist/tex/latex/microtype/microtype.sty
Package: microtype 2019/11/18 v2.7d Micro-typographical refinements (RS)
\MT@toks=\toks45
\MT@count=\count313
LaTeX Info: Redefining \textls on input line 790.
\MT@outer@kern=\dimen278
LaTeX Info: Redefining \textmicrotypecontext on input line 1354.
\MT@listname@count=\count314
 (/usr/share/texlive/texmf-dist/tex/latex/microtype/microtype-pdftex.def
File: microtype-pdftex.def 2019/11/18 v2.7d Definitions specific to pdftex (RS)
LaTeX Info: Redefining \lsstyle on input line 914.
LaTeX Info: Redefining \lslig on input line 914.
\MT@outer@space=\skip63
)
Package microtype Info: Loading configuration file microtype.cfg.
 (/usr/share/texlive/texmf-dist/tex/latex/microtype/microtype.cfg
File: microtype.cfg 2019/11/18 v2.7d microtype main configuration file (RS)
)) (/usr/share/texlive/texmf-dist/tex/latex/base/fontenc.sty
Package: fontenc 2020/02/11 v2.0o Standard LaTeX package
) (/usr/share/texlive/texmf-dist/tex/latex/psnfss/helvet.sty
Package: helvet 2005/04/12 PSNFSS-v9.2a (WaS) 
) (/usr/share/texlive/texmf-dist/tex/latex/pdfpages/pdfpages.sty
Package: pdfpages 2020/01/28 v0.5q Insert pages of external PDF documents (AM)
 (/usr/share/texlive/texmf-dist/tex/latex/base/ifthen.sty
Package: ifthen 2014/09/29 v1.1c Standard LaTeX ifthen package (DPC)
) (/usr/share/texlive/texmf-dist/tex/latex/tools/calc.sty
Package: calc 2017/05/25 v4.3 Infix arithmetic (KKT,FJ)
\calc@Acount=\count315
\calc@Bcount=\count316
\calc@Adimen=\dimen279
\calc@Bdimen=\dimen280
\calc@Askip=\skip64
\calc@Bskip=\skip65
LaTeX Info: Redefining \setlength on input line 80.
LaTeX Info: Redefining \addtolength on input line 81.
\calc@Ccount=\count317
\calc@Cskip=\skip66
) (/usr/share/texlive/texmf-dist/tex/latex/eso-pic/eso-pic.sty
Package: eso-pic 2018/04/12 v2.0h eso-pic (RN)
)
\AM@pagewidth=\dimen281
\AM@pageheight=\dimen282
 (/usr/share/texlive/texmf-dist/tex/latex/pdfpages/pppdftex.def
File: pppdftex.def 2020/01/28 v0.5q Pdfpages driver for pdfTeX (AM)
)
\AM@pagebox=\box73
\AM@global@opts=\toks46
\AM@pagecnt=\count318
\AM@toc@title=\toks47
\c@AM@survey=\count319
\AM@templatesizebox=\box74
) (/usr/share/texlive/texmf-dist/tex/latex/tcolorbox/tcolorbox.sty
Package: tcolorbox 2019/11/15 version 4.22 text color boxes
 (/usr/share/texlive/texmf-dist/tex/latex/pgf/basiclayer/pgf.sty
Package: pgf 2020/01/08 v3.1.5b (3.1.5b)
 (/usr/share/texlive/texmf-dist/tex/generic/pgf/modules/pgfmoduleshapes.code.tex
File: pgfmoduleshapes.code.tex 2020/01/08 v3.1.5b (3.1.5b)
\pgfnodeparttextbox=\box75
) (/usr/share/texlive/texmf-dist/tex/generic/pgf/modules/pgfmoduleplot.code.tex
File: pgfmoduleplot.code.tex 2020/01/08 v3.1.5b (3.1.5b)
) (/usr/share/texlive/texmf-dist/tex/latex/pgf/compatibility/pgfcomp-version-0-65.sty
Package: pgfcomp-version-0-65 2020/01/08 v3.1.5b (3.1.5b)
\pgf@nodesepstart=\dimen283
\pgf@nodesepend=\dimen284
) (/usr/share/texlive/texmf-dist/tex/latex/pgf/compatibility/pgfcomp-version-1-18.sty
Package: pgfcomp-version-1-18 2020/01/08 v3.1.5b (3.1.5b)
)) (/usr/share/texlive/texmf-dist/tex/latex/tools/verbatim.sty
Package: verbatim 2019/11/10 v1.5r LaTeX2e package for verbatim enhancements
\every@verbatim=\toks48
\verbatim@line=\toks49
\verbatim@in@stream=\read4
) (/usr/share/texlive/texmf-dist/tex/latex/environ/environ.sty
Package: environ 2014/05/04 v0.3 A new way to define environments
 (/usr/share/texlive/texmf-dist/tex/latex/trimspaces/trimspaces.sty
Package: trimspaces 2009/09/17 v1.1 Trim spaces around a token list
))
\tcb@titlebox=\box76
\tcb@upperbox=\box77
\tcb@lowerbox=\box78
\tcb@phantombox=\box79
\c@tcbbreakpart=\count320
\c@tcblayer=\count321
\tcolorbox@number=\count322
\tcb@temp=\box80
\tcb@temp=\box81
\tcb@temp=\box82
\tcb@temp=\box83
\tcb@out=\write5
\tcb@record@out=\write6
) (/usr/share/texlive/texmf-dist/tex/latex/tools/array.sty
Package: array 2019/08/31 v2.4l Tabular extension package (FMi)
\col@sep=\dimen285
\ar@mcellbox=\box84
\extrarowheight=\dimen286
\NC@list=\toks50
\extratabsurround=\skip67
\backup@length=\skip68
\ar@cellbox=\box85
) (/usr/share/texlive/texmf-dist/tex/latex/colortbl/colortbl.sty
Package: colortbl 2020/01/04 v1.0e Color table columns (DPC)
\everycr=\toks51
\minrowclearance=\skip69
) (/usr/share/texlive/texmf-dist/tex/latex/fancybox/fancybox.sty
Package: fancybox 2010/05/15 1.4

Style option: `fancybox' v1.4 <2010/05/15> (tvz)
\@fancybox=\box86
\shadowsize=\dimen287
\@Sbox=\box87
\do@VerbBox=\toks52
\the@fancyput=\toks53
\this@fancyput=\toks54
\EndVerbatimTokens=\toks55
\Verbatim@Outfile=\write7
\Verbatim@Infile=\read5
) (/usr/share/texlive/texmf-dist/tex/latex/caption/caption.sty
Package: caption 2020/01/03 v3.4h Customizing captions (AR)
 (/usr/share/texlive/texmf-dist/tex/latex/caption/caption3.sty
Package: caption3 2020/01/03 v1.8h caption3 kernel (AR)
Package caption3 Info: TeX engine: e-TeX on input line 61.
\captionmargin=\dimen288
\captionmargin@=\dimen289
\captionwidth=\dimen290
\caption@tempdima=\dimen291
\caption@indent=\dimen292
\caption@parindent=\dimen293
\caption@hangindent=\dimen294
Package caption Info: beamer document class detected.
)
\c@caption@flags=\count323
\c@continuedfloat=\count324
Package caption Info: beamer document class.
Package caption Info: hyperref package is loaded.
Package caption Info: Hyperref support is turned off
(caption)             because hyperref has stopped early.
) (/usr/share/texlive/texmf-dist/tex/latex/beamer/beamercolorthemestructure.sty) (/usr/share/texlive/texmf-dist/tex/latex/beamer/beamerinnerthemerectangles.sty) (/usr/share/texlive/texmf-dist/tex/latex/beamer/beamerouterthememiniframes.sty)) (/home/otto/Documentos/Arquivos/pessoal/apresentacao-tcc/libs/preamble.tex (/usr/share/texlive/texmf-dist/tex/latex/base/fontenc.sty
Package: fontenc 2020/02/11 v2.0o Standard LaTeX package
LaTeX Font Info:    Trying to load font information for T1+phv on input line 112.
 (/usr/share/texlive/texmf-dist/tex/latex/psnfss/t1phv.fd
File: t1phv.fd 2001/06/04 scalable font definitions for T1/phv.
)) (/usr/share/texlive/texmf-dist/tex/latex/multirow/multirow.sty
Package: multirow 2019/05/31 v2.5 Span multiple rows of a table
\multirow@colwidth=\skip70
\multirow@cntb=\count325
\multirow@dima=\skip71
\bigstrutjot=\dimen295
) (/usr/share/texlive/texmf-dist/tex/latex/algorithm2e/algorithm2e.sty
Package: algorithm2e 2017/07/18 v5.2 algorithms environments
\c@AlgoLine=\count326
\algocf@hangindent=\skip72
 (/usr/share/texlive/texmf-dist/tex/latex/ifoddpage/ifoddpage.sty
Package: ifoddpage 2016/04/23 v1.1 Conditionals for odd/even page detection
\c@checkoddpage=\count327
) (/usr/share/texlive/texmf-dist/tex/latex/tools/xspace.sty
Package: xspace 2014/10/28 v1.13 Space after command names (DPC,MH)
) (/usr/share/texlive/texmf-dist/tex/latex/relsize/relsize.sty
Package: relsize 2013/03/29 ver 4.1
)
\skiptotal=\skip73
\skiplinenumber=\skip74
\skiprule=\skip75
\skiphlne=\skip76
\skiptext=\skip77
\skiplength=\skip78
\algomargin=\skip79
\skipalgocfslide=\skip80
\algowidth=\dimen296
\inoutsize=\dimen297
\inoutindent=\dimen298
\interspacetitleruled=\dimen299
\interspacealgoruled=\dimen300
\interspacetitleboxruled=\dimen301
\algocf@ruledwidth=\skip81
\algocf@inoutbox=\box88
\algocf@inputbox=\box89
\AlCapSkip=\skip82
\AlCapHSkip=\skip83
\algoskipindent=\skip84
\algocf@nlbox=\box90
\algocf@hangingbox=\box91
\algocf@untilbox=\box92
\algocf@skipuntil=\skip85
\algocf@capbox=\box93
\algocf@lcaptionbox=\skip86
\algoheightruledefault=\skip87
\algoheightrule=\skip88
\algotitleheightruledefault=\skip89
\algotitleheightrule=\skip90
\c@algocfline=\count328
\c@algocfproc=\count329
\c@algocf=\count330
\algocf@algoframe=\box94
\algocf@algobox=\box95
) (/usr/share/texlive/texmf-dist/tex/latex/listings/listings.sty
\lst@mode=\count331
\lst@gtempboxa=\box96
\lst@token=\toks56
\lst@length=\count332
\lst@currlwidth=\dimen302
\lst@column=\count333
\lst@pos=\count334
\lst@lostspace=\dimen303
\lst@width=\dimen304
\lst@newlines=\count335
\lst@lineno=\count336
\lst@maxwidth=\dimen305
 (/usr/share/texlive/texmf-dist/tex/latex/listings/lstmisc.sty
File: lstmisc.sty 2019/09/10 1.8c (Carsten Heinz)
\c@lstnumber=\count337
\lst@skipnumbers=\count338
\lst@framebox=\box97
) (/usr/share/texlive/texmf-dist/tex/latex/listings/listings.cfg
File: listings.cfg 2019/09/10 1.8c listings configuration
))
Package: listings 2019/09/10 1.8c (Carsten Heinz)
 (/usr/share/texlive/texmf-dist/tex/latex/ragged2e/ragged2e.sty
Package: ragged2e 2019/07/28 v2.2 ragged2e Package (MS)


LaTeX Warning: Command \@arrayparboxrestore  has changed.
               Check if current package is valid.

(/usr/share/texlive/texmf-dist/tex/latex/ms/everysel.sty
Package: everysel 2011/10/28 v1.2 EverySelectfont Package (MS)
) (/usr/share/texlive/texmf-dist/tex/latex/footmisc/footmisc.sty
Package: footmisc 2011/06/06 v5.5b a miscellany of footnote facilities
\FN@temptoken=\toks57
\footnotemargin=\dimen306
\c@pp@next@reset=\count339
Package footmisc Info: Declaring symbol style bringhurst on input line 855.
Package footmisc Info: Declaring symbol style chicago on input line 863.
Package footmisc Info: Declaring symbol style wiley on input line 872.
Package footmisc Info: Declaring symbol style lamport-robust on input line 883.
Package footmisc Info: Declaring symbol style lamport* on input line 903.
Package footmisc Info: Declaring symbol style lamport*-robust on input line 924.
)
\CenteringLeftskip=\skip91
\RaggedLeftLeftskip=\skip92
\RaggedRightLeftskip=\skip93
\CenteringRightskip=\skip94
\RaggedLeftRightskip=\skip95
\RaggedRightRightskip=\skip96
\CenteringParfillskip=\skip97
\RaggedLeftParfillskip=\skip98
\RaggedRightParfillskip=\skip99
\JustifyingParfillskip=\skip100
\CenteringParindent=\skip101
\RaggedLeftParindent=\skip102
\RaggedRightParindent=\skip103
\JustifyingParindent=\skip104
) (/usr/share/texlive/texmf-dist/tex/latex/biblatex/biblatex.sty
Package: biblatex 2019/12/01 v3.14 programmable bibliographies (PK/MW)
 (/usr/share/texlive/texmf-dist/tex/latex/logreq/logreq.sty
Package: logreq 2010/08/04 v1.0 xml request logger
\lrq@indent=\count340
 (/usr/share/texlive/texmf-dist/tex/latex/logreq/logreq.def
File: logreq.def 2010/08/04 v1.0 logreq spec v1.0
))
\c@tabx@nest=\count341
\c@listtotal=\count342
\c@listcount=\count343
\c@liststart=\count344
\c@liststop=\count345
\c@citecount=\count346
\c@citetotal=\count347
\c@multicitecount=\count348
\c@multicitetotal=\count349
\c@instcount=\count350
\c@maxnames=\count351
\c@minnames=\count352
\c@maxitems=\count353
\c@minitems=\count354
\c@citecounter=\count355
\c@maxcitecounter=\count356
\c@savedcitecounter=\count357
\c@uniquelist=\count358
\c@uniquename=\count359
\c@refsection=\count360
\c@refsegment=\count361
\c@maxextratitle=\count362
\c@maxextratitleyear=\count363
\c@maxextraname=\count364
\c@maxextradate=\count365
\c@maxextraalpha=\count366
\c@abbrvpenalty=\count367
\c@highnamepenalty=\count368
\c@lownamepenalty=\count369
\c@maxparens=\count370
\c@parenlevel=\count371
\blx@tempcnta=\count372
\blx@tempcntb=\count373
\blx@tempcntc=\count374
\blx@maxsection=\count375
\blx@maxsegment@0=\count376
\blx@notetype=\count377
\blx@parenlevel@text=\count378
\blx@parenlevel@foot=\count379
\blx@sectionciteorder@0=\count380
\blx@entrysetcounter=\count381
\labelnumberwidth=\skip105
\labelalphawidth=\skip106
\biblabelsep=\skip107
\bibitemsep=\skip108
\bibnamesep=\skip109
\bibinitsep=\skip110
\bibparsep=\skip111
\bibhang=\skip112
\blx@bcfin=\read6
\blx@bcfout=\write8
\blx@langwohyphens=\language10
\c@mincomprange=\count382
\c@maxcomprange=\count383
\c@mincompwidth=\count384
Package biblatex Info: Trying to load biblatex default data model...
Package biblatex Info: ... file 'blx-dm.def' found.
 (/usr/share/texlive/texmf-dist/tex/latex/biblatex/blx-dm.def
File: blx-dm.def 2019/12/01 v3.14 biblatex localization (PK/MW)
)
Package biblatex Info: Trying to load biblatex style data model...
Package biblatex Info: ... file 'numeric.dbx' not found.
Package biblatex Info: Trying to load biblatex custom data model...
Package biblatex Info: ... file 'biblatex-dm.cfg' not found.
\c@afterword=\count385
\c@savedafterword=\count386
\c@annotator=\count387
\c@savedannotator=\count388
\c@author=\count389
\c@savedauthor=\count390
\c@bookauthor=\count391
\c@savedbookauthor=\count392
\c@commentator=\count393
\c@savedcommentator=\count394
\c@editor=\count395
\c@savededitor=\count396
\c@editora=\count397
\c@savededitora=\count398
\c@editorb=\count399
\c@savededitorb=\count400
\c@editorc=\count401
\c@savededitorc=\count402
\c@foreword=\count403
\c@savedforeword=\count404
\c@holder=\count405
\c@savedholder=\count406
\c@introduction=\count407
\c@savedintroduction=\count408
\c@namea=\count409
\c@savednamea=\count410
\c@nameb=\count411
\c@savednameb=\count412
\c@namec=\count413
\c@savednamec=\count414
\c@translator=\count415
\c@savedtranslator=\count416
\c@shortauthor=\count417
\c@savedshortauthor=\count418
\c@shorteditor=\count419
\c@savedshorteditor=\count420
\c@labelname=\count421
\c@savedlabelname=\count422
\c@institution=\count423
\c@savedinstitution=\count424
\c@lista=\count425
\c@savedlista=\count426
\c@listb=\count427
\c@savedlistb=\count428
\c@listc=\count429
\c@savedlistc=\count430
\c@listd=\count431
\c@savedlistd=\count432
\c@liste=\count433
\c@savedliste=\count434
\c@listf=\count435
\c@savedlistf=\count436
\c@location=\count437
\c@savedlocation=\count438
\c@organization=\count439
\c@savedorganization=\count440
\c@origlocation=\count441
\c@savedoriglocation=\count442
\c@origpublisher=\count443
\c@savedorigpublisher=\count444
\c@publisher=\count445
\c@savedpublisher=\count446
\c@language=\count447
\c@savedlanguage=\count448
\c@origlanguage=\count449
\c@savedoriglanguage=\count450
\c@pageref=\count451
\c@savedpageref=\count452
\shorthandwidth=\skip113
\shortjournalwidth=\skip114
\shortserieswidth=\skip115
\shorttitlewidth=\skip116
\shortauthorwidth=\skip117
\shorteditorwidth=\skip118
\locallabelnumberwidth=\skip119
\locallabelalphawidth=\skip120
\localshorthandwidth=\skip121
\localshortjournalwidth=\skip122
\localshortserieswidth=\skip123
\localshorttitlewidth=\skip124
\localshortauthorwidth=\skip125
\localshorteditorwidth=\skip126
Package biblatex Info: Trying to load compatibility code...
Package biblatex Info: ... file 'blx-compat.def' found.
 (/usr/share/texlive/texmf-dist/tex/latex/biblatex/blx-compat.def
File: blx-compat.def 2019/12/01 v3.14 biblatex compatibility (PK/MW)
)
Package biblatex Info: Trying to load generic definitions...
Package biblatex Info: ... file 'biblatex.def' found.
 (/usr/share/texlive/texmf-dist/tex/latex/biblatex/biblatex.def
File: biblatex.def 2019/12/01 v3.14 biblatex compatibility (PK/MW)
\c@textcitecount=\count453
\c@textcitetotal=\count454
\c@textcitemaxnames=\count455
\c@biburlbigbreakpenalty=\count456
\c@biburlbreakpenalty=\count457
\c@biburlnumpenalty=\count458
\c@biburlucpenalty=\count459
\c@biburllcpenalty=\count460
\biburlbigskip=\muskip18
\biburlnumskip=\muskip19
\biburlucskip=\muskip20
\biburllcskip=\muskip21
\c@smartand=\count461
)
Package biblatex Info: Trying to load bibliography style 'numeric'...
Package biblatex Info: ... file 'numeric.bbx' found.
 (/usr/share/texlive/texmf-dist/tex/latex/biblatex/bbx/numeric.bbx
File: numeric.bbx 2019/12/01 v3.14 biblatex bibliography style (PK/MW)
Package biblatex Info: Trying to load bibliography style 'standard'...
Package biblatex Info: ... file 'standard.bbx' found.
 (/usr/share/texlive/texmf-dist/tex/latex/biblatex/bbx/standard.bbx
File: standard.bbx 2019/12/01 v3.14 biblatex bibliography style (PK/MW)
\c@bbx:relatedcount=\count462
\c@bbx:relatedtotal=\count463
))
Package biblatex Info: Trying to load citation style 'numeric'...
Package biblatex Info: ... file 'numeric.cbx' found.
 (/usr/share/texlive/texmf-dist/tex/latex/biblatex/cbx/numeric.cbx
File: numeric.cbx 2019/12/01 v3.14 biblatex citation style (PK/MW)
Package biblatex Info: Redefining '\cite'.
Package biblatex Info: Redefining '\parencite'.
Package biblatex Info: Redefining '\footcite'.
Package biblatex Info: Redefining '\footcitetext'.
Package biblatex Info: Redefining '\smartcite'.
Package biblatex Info: Redefining '\supercite'.
Package biblatex Info: Redefining '\textcite'.
Package biblatex Info: Redefining '\textcites'.
Package biblatex Info: Redefining '\cites'.
Package biblatex Info: Redefining '\parencites'.
Package biblatex Info: Redefining '\smartcites'.
)
Package biblatex Info: Trying to load configuration file...
Package biblatex Info: ... file 'biblatex.cfg' found.
 (/usr/share/texlive/texmf-dist/tex/latex/biblatex/biblatex.cfg
File: biblatex.cfg 
)) (/usr/share/texlive/texmf-dist/tex/latex/csquotes/csquotes.sty
Package: csquotes 2019-12-06 v5.2j context-sensitive quotations (JAW)
\csq@reset=\count464
\csq@gtype=\count465
\csq@glevel=\count466
\csq@qlevel=\count467
\csq@maxlvl=\count468
\csq@tshold=\count469
\csq@ltx@everypar=\toks58
 (/usr/share/texlive/texmf-dist/tex/latex/csquotes/csquotes.def
File: csquotes.def 2019-12-06 v5.2j csquotes generic definitions (JAW)
)
Package csquotes Info: Trying to load configuration file 'csquotes.cfg'...
Package csquotes Info: ... configuration file loaded successfully.
 (/usr/share/texlive/texmf-dist/tex/latex/csquotes/csquotes.cfg
File: csquotes.cfg 
)) (/usr/share/texlive/texmf-dist/tex/latex/tools/multicol.sty
Package: multicol 2019/12/09 v1.8y multicolumn formatting (FMi)
\c@tracingmulticols=\count470
\mult@box=\box98
\multicol@leftmargin=\dimen307
\c@unbalance=\count471
\c@collectmore=\count472
\doublecol@number=\count473
\multicoltolerance=\count474
\multicolpretolerance=\count475
\full@width=\dimen308
\page@free=\dimen309
\premulticols=\dimen310
\postmulticols=\dimen311
\multicolsep=\skip127
\multicolbaselineskip=\skip128
\partial@page=\box99
\last@line=\box100
\maxbalancingoverflow=\dimen312
\mult@rightbox=\box101
\mult@grightbox=\box102
\mult@gfirstbox=\box103
\mult@firstbox=\box104
\@tempa=\box105
\@tempa=\box106
\@tempa=\box107
\@tempa=\box108
\@tempa=\box109
\@tempa=\box110
\@tempa=\box111
\@tempa=\box112
\@tempa=\box113
\@tempa=\box114
\@tempa=\box115
\@tempa=\box116
\@tempa=\box117
\@tempa=\box118
\@tempa=\box119
\@tempa=\box120
\@tempa=\box121
\@tempa=\box122
\@tempa=\box123
\@tempa=\box124
\@tempa=\box125
\@tempa=\box126
\@tempa=\box127
\@tempa=\box128
\@tempa=\box129
\@tempa=\box130
\@tempa=\box131
\@tempa=\box132
\@tempa=\box133
\@tempa=\box134
\@tempa=\box135
\@tempa=\box136
\@tempa=\box137
\@tempa=\box138
\@tempa=\box139
\@tempa=\box140
\@tempa=\box141
\c@minrows=\count476
\c@columnbadness=\count477
\c@finalcolumnbadness=\count478
\last@try=\dimen313
\multicolovershoot=\dimen314
\multicolundershoot=\dimen315
\mult@nat@firstbox=\box142
\colbreak@box=\box143
\mc@col@check@num=\count479
) (/usr/share/texlive/texmf-dist/tex/latex/booktabs/booktabs.sty
Package: booktabs 2020/01/12 v1.61803398 Publication quality tables
\heavyrulewidth=\dimen316
\lightrulewidth=\dimen317
\cmidrulewidth=\dimen318
\belowrulesep=\dimen319
\belowbottomsep=\dimen320
\aboverulesep=\dimen321
\abovetopsep=\dimen322
\cmidrulesep=\dimen323
\cmidrulekern=\dimen324
\defaultaddspace=\dimen325
\@cmidla=\count480
\@cmidlb=\count481
\@aboverulesep=\dimen326
\@belowrulesep=\dimen327
\@thisruleclass=\count482
\@lastruleclass=\count483
\@thisrulewidth=\dimen328
)) (/usr/share/texlive/texmf-dist/tex/latex/threeparttable/threeparttable.sty
Package: threeparttable 2003/06/13  v 3.0
\@tempboxb=\box144
)
Package csquotes Info: Checking for multilingual support...
Package csquotes Info: ... found 'babel' package.
Package csquotes Info: Adjusting default style.
Package csquotes Info: Redefining alias 'default' -> 'brazil'.
 (/usr/share/texlive/texmf-dist/tex/latex/l3backend/l3backend-pdfmode.def
File: l3backend-pdfmode.def 2020-02-03 L3 backend support: PDF mode
\l__kernel_color_stack_int=\count484
\l__pdf_internal_box=\box145
) (/home/otto/Documentos/Arquivos/pessoal/apresentacao-tcc/document.aux (/home/otto/Documentos/Arquivos/pessoal/apresentacao-tcc/sections/section-1.aux) (/home/otto/Documentos/Arquivos/pessoal/apresentacao-tcc/sections/section-2.aux) (/home/otto/Documentos/Arquivos/pessoal/apresentacao-tcc/tcc_secoes/cap1-introducao.aux) (/home/otto/Documentos/Arquivos/pessoal/apresentacao-tcc/tcc_secoes/cap2-fundamentacao.aux) (/home/otto/Documentos/Arquivos/pessoal/apresentacao-tcc/tcc_secoes/cap3-metodologia.aux) (/home/otto/Documentos/Arquivos/pessoal/apresentacao-tcc/tcc_secoes/cap4-resultados.aux) (/home/otto/Documentos/Arquivos/pessoal/apresentacao-tcc/tcc_secoes/cap5-conclusao.aux) (/home/otto/Documentos/Arquivos/pessoal/apresentacao-tcc/sections/section-3.aux))
\openout1 = `document.aux'.

LaTeX Font Info:    Checking defaults for OML/cmm/m/it on input line 40.
LaTeX Font Info:    ... okay on input line 40.
LaTeX Font Info:    Checking defaults for OMS/cmsy/m/n on input line 40.
LaTeX Font Info:    ... okay on input line 40.
LaTeX Font Info:    Checking defaults for OT1/cmr/m/n on input line 40.
LaTeX Font Info:    ... okay on input line 40.
LaTeX Font Info:    Checking defaults for T1/cmr/m/n on input line 40.
LaTeX Font Info:    ... okay on input line 40.
LaTeX Font Info:    Checking defaults for TS1/cmr/m/n on input line 40.
LaTeX Font Info:    ... okay on input line 40.
LaTeX Font Info:    Checking defaults for OMX/cmex/m/n on input line 40.
LaTeX Font Info:    ... okay on input line 40.
LaTeX Font Info:    Checking defaults for U/cmr/m/n on input line 40.
LaTeX Font Info:    ... okay on input line 40.
LaTeX Font Info:    Checking defaults for PD1/pdf/m/n on input line 40.
LaTeX Font Info:    ... okay on input line 40.

*geometry* driver: auto-detecting
*geometry* detected driver: pdftex
*geometry* verbose mode - [ preamble ] result:
* driver: pdftex
* paper: custom
* layout: <same size as paper>
* layoutoffset:(h,v)=(0.0pt,0.0pt)
* modes: includehead includefoot 
* h-part:(L,W,R)=(28.45274pt, 307.28987pt, 28.45274pt)
* v-part:(T,H,B)=(0.0pt, 273.14662pt, 0.0pt)
* \paperwidth=364.19536pt
* \paperheight=273.14662pt
* \textwidth=307.28987pt
* \textheight=244.6939pt
* \oddsidemargin=-43.81725pt
* \evensidemargin=-43.81725pt
* \topmargin=-72.26999pt
* \headheight=14.22636pt
* \headsep=0.0pt
* \topskip=10.0pt
* \footskip=14.22636pt
* \marginparwidth=3.0pt
* \marginparsep=11.0pt
* \columnsep=10.0pt
* \skip\footins=9.0pt plus 4.0pt minus 2.0pt
* \hoffset=0.0pt
* \voffset=0.0pt
* \mag=1000
* \@twocolumnfalse
* \@twosidefalse
* \@mparswitchfalse
* \@reversemarginfalse
* (1in=72.27pt=25.4mm, 1cm=28.453pt)

(/usr/share/texlive/texmf-dist/tex/context/base/mkii/supp-pdf.mkii
[Loading MPS to PDF converter (version 2006.09.02).]
\scratchcounter=\count485
\scratchdimen=\dimen329
\scratchbox=\box146
\nofMPsegments=\count486
\nofMParguments=\count487
\everyMPshowfont=\toks59
\MPscratchCnt=\count488
\MPscratchDim=\dimen330
\MPnumerator=\count489
\makeMPintoPDFobject=\count490
\everyMPtoPDFconversion=\toks60
) (/usr/share/texlive/texmf-dist/tex/latex/epstopdf-pkg/epstopdf-base.sty
Package: epstopdf-base 2020-01-24 v2.11 Base part for package epstopdf
 (/usr/share/texlive/texmf-dist/tex/latex/grfext/grfext.sty
Package: grfext 2019/12/03 v1.3 Manage graphics extensions (HO)
)
Package epstopdf-base Info: Redefining graphics rule for `.eps' on input line 485.
Package grfext Info: Graphics extension search list:
(grfext)             [.pdf,.png,.jpg,.mps,.jpeg,.jbig2,.jb2,.PDF,.PNG,.JPG,.JPEG,.JBIG2,.JB2,.eps]
(grfext)             \AppendGraphicsExtensions on input line 504.
 (/usr/share/texlive/texmf-dist/tex/latex/latexconfig/epstopdf-sys.cfg
File: epstopdf-sys.cfg 2010/07/13 v1.3 Configuration of (r)epstopdf for TeX Live
)) ABD: EveryShipout initializing macros
\AtBeginShipoutBox=\box147
Package hyperref Info: Link coloring OFF on input line 40.
 (/usr/share/texlive/texmf-dist/tex/latex/hyperref/nameref.sty
Package: nameref 2019/09/16 v2.46 Cross-referencing by name of section
 (/usr/share/texlive/texmf-dist/tex/latex/refcount/refcount.sty
Package: refcount 2019/12/15 v3.6 Data extraction from label references (HO)
) (/usr/share/texlive/texmf-dist/tex/generic/gettitlestring/gettitlestring.sty
Package: gettitlestring 2019/12/15 v1.6 Cleanup title references (HO)
)
\c@section@level=\count491
)
LaTeX Info: Redefining \ref on input line 40.
LaTeX Info: Redefining \pageref on input line 40.
LaTeX Info: Redefining \nameref on input line 40.
 (/home/otto/Documentos/Arquivos/pessoal/apresentacao-tcc/document.out) (/home/otto/Documentos/Arquivos/pessoal/apresentacao-tcc/document.out)
\@outlinefile=\write9
\openout9 = `document.out'.

LaTeX Font Info:    Overwriting symbol font `operators' in version `normal'
(Font)                  OT1/cmr/m/n --> OT1/cmss/m/n on input line 40.
LaTeX Font Info:    Overwriting symbol font `operators' in version `bold'
(Font)                  OT1/cmr/bx/n --> OT1/cmss/b/n on input line 40.
\symnumbers=\mathgroup6
\sympureletters=\mathgroup7
LaTeX Font Info:    Overwriting math alphabet `\mathrm' in version `normal'
(Font)                  OT1/cmss/m/n --> T1/cmr/m/n on input line 40.
LaTeX Font Info:    Redeclaring math alphabet \mathbf on input line 40.
LaTeX Font Info:    Overwriting math alphabet `\mathbf' in version `normal'
(Font)                  OT1/cmr/bx/n --> T1/phv/b/n on input line 40.
LaTeX Font Info:    Overwriting math alphabet `\mathbf' in version `bold'
(Font)                  OT1/cmr/bx/n --> T1/phv/b/n on input line 40.
LaTeX Font Info:    Redeclaring math alphabet \mathsf on input line 40.
LaTeX Font Info:    Overwriting math alphabet `\mathsf' in version `normal'
(Font)                  OT1/cmss/m/n --> T1/phv/m/n on input line 40.
LaTeX Font Info:    Overwriting math alphabet `\mathsf' in version `bold'
(Font)                  OT1/cmss/bx/n --> T1/phv/m/n on input line 40.
LaTeX Font Info:    Redeclaring math alphabet \mathit on input line 40.
LaTeX Font Info:    Overwriting math alphabet `\mathit' in version `normal'
(Font)                  OT1/cmr/m/it --> T1/phv/m/it on input line 40.
LaTeX Font Info:    Overwriting math alphabet `\mathit' in version `bold'
(Font)                  OT1/cmr/bx/it --> T1/phv/m/it on input line 40.
LaTeX Font Info:    Redeclaring math alphabet \mathtt on input line 40.
LaTeX Font Info:    Overwriting math alphabet `\mathtt' in version `normal'
(Font)                  OT1/cmtt/m/n --> T1/cmtt/m/n on input line 40.
LaTeX Font Info:    Overwriting math alphabet `\mathtt' in version `bold'
(Font)                  OT1/cmtt/m/n --> T1/cmtt/m/n on input line 40.
LaTeX Font Info:    Overwriting symbol font `numbers' in version `bold'
(Font)                  T1/phv/m/n --> T1/phv/b/n on input line 40.
LaTeX Font Info:    Overwriting symbol font `pureletters' in version `bold'
(Font)                  T1/phv/m/it --> T1/phv/b/it on input line 40.
LaTeX Font Info:    Overwriting math alphabet `\mathrm' in version `bold'
(Font)                  OT1/cmss/b/n --> T1/cmr/b/n on input line 40.
LaTeX Font Info:    Overwriting math alphabet `\mathbf' in version `bold'
(Font)                  T1/phv/b/n --> T1/phv/b/n on input line 40.
LaTeX Font Info:    Overwriting math alphabet `\mathsf' in version `bold'
(Font)                  T1/phv/m/n --> T1/phv/b/n on input line 40.
LaTeX Font Info:    Overwriting math alphabet `\mathit' in version `bold'
(Font)                  T1/phv/m/it --> T1/phv/b/it on input line 40.
LaTeX Font Info:    Overwriting math alphabet `\mathtt' in version `bold'
(Font)                  T1/cmtt/m/n --> T1/cmtt/b/n on input line 40.
 (/usr/share/texlive/texmf-dist/tex/latex/translator/translator-basic-dictionary-English.dict
Dictionary: translator-basic-dictionary, Language: English 
) (/usr/share/texlive/texmf-dist/tex/latex/translator/translator-bibliography-dictionary-English.dict
Dictionary: translator-bibliography-dictionary, Language: English 
) (/usr/share/texlive/texmf-dist/tex/latex/translator/translator-environment-dictionary-English.dict
Dictionary: translator-environment-dictionary, Language: English 
) (/usr/share/texlive/texmf-dist/tex/latex/translator/translator-months-dictionary-English.dict
Dictionary: translator-months-dictionary, Language: English 
) (/usr/share/texlive/texmf-dist/tex/latex/translator/translator-numbers-dictionary-English.dict
Dictionary: translator-numbers-dictionary, Language: English 
) (/usr/share/texlive/texmf-dist/tex/latex/translator/translator-theorem-dictionary-English.dict
Dictionary: translator-theorem-dictionary, Language: English 
)
LaTeX Info: Redefining \microtypecontext on input line 40.
Package microtype Info: Generating PDF output.
Package microtype Info: Character protrusion enabled (level 2).
Package microtype Info: Using default protrusion set `alltext'.
Package microtype Info: Automatic font expansion enabled (level 2),
(microtype)             stretch: 20, shrink: 20, step: 1, non-selected.
Package microtype Info: Using default expansion set `basictext'.
LaTeX Info: Redefining \showhyphens on input line 40.
Package microtype Info: No adjustment of tracking.
Package microtype Info: No adjustment of interword spacing.
Package microtype Info: No adjustment of character kerning.
Package microtype Info: Loading generic protrusion settings for font family
(microtype)             `phv' (encoding: T1).
(microtype)             For optimal results, create family-specific settings.
(microtype)             See the microtype manual for details.
 (/usr/share/texlive/texmf-dist/tex/latex/pdflscape/pdflscape.sty
Package: pdflscape 2019/12/05 v0.12 Display of landscape pages in PDF (HO)
 (/usr/share/texlive/texmf-dist/tex/latex/graphics/lscape.sty
Package: lscape 2000/10/22 v3.01 Landscape Pages (DPC)
)
Package pdflscape Info: Auto-detected driver: pdftex on input line 81.
)
Package caption Info: Begin \AtBeginDocument code.
Package caption Info: listings package is loaded.
Package caption Info: threeparttable package is loaded.
Package caption Info: End \AtBeginDocument code.
\c@lstlisting=\count492
Package ragged2e Info: ABD: executing \RaggedRight on input line 40.
 ABD: EverySelectfont initializing macros
LaTeX Info: Redefining \selectfont on input line 40.
Package biblatex Info: Trying to load language 'brazil'...
Package biblatex Info: ... file 'brazil.lbx' found.
 (/usr/share/texlive/texmf-dist/tex/latex/biblatex/lbx/brazil.lbx
File: brazil.lbx 2019/12/01 v3.14 biblatex localization (PK/MW)
Package biblatex Info: Trying to load language 'brazilian'...
Package biblatex Info: ... file 'brazilian.lbx' found.
 (/usr/share/texlive/texmf-dist/tex/latex/biblatex/lbx/brazilian.lbx
File: brazilian.lbx 2019/12/01 v3.14 biblatex localization (PK/MW)
)
Package biblatex Info: Trying to load language 'brazilian'...
Package biblatex Info: ... file 'brazilian.lbx' found.
 (/usr/share/texlive/texmf-dist/tex/latex/biblatex/lbx/brazilian.lbx
File: brazilian.lbx 2019/12/01 v3.14 biblatex localization (PK/MW)
))
Package biblatex Info: Input encoding 'utf8' detected.
Package biblatex Info: Automatic encoding selection.
(biblatex)             Assuming data encoding 'utf8'.
\openout8 = `document.bcf'.

Package biblatex Info: Trying to load bibliographic data...
Package biblatex Info: ... file 'document.bbl' found.
 (/home/otto/Documentos/Arquivos/pessoal/apresentacao-tcc/document.bbl)
Package biblatex Info: Reference section=0 on input line 40.
Package biblatex Info: Reference segment=0 on input line 40.
 (/home/otto/Documentos/Arquivos/pessoal/apresentacao-tcc/document.nav) (/home/otto/Documentos/Arquivos/pessoal/apresentacao-tcc/libs/code_style.tex)
LaTeX Font Info:    Trying to load font information for T1+cmtt on input line 48.
 (/usr/share/texlive/texmf-dist/tex/latex/base/t1cmtt.fd
File: t1cmtt.fd 2019/12/16 v2.5j Standard LaTeX font definitions
)
Package microtype Info: Loading generic protrusion settings for font family
(microtype)             `cmtt' (encoding: T1).
(microtype)             For optimal results, create family-specific settings.
(microtype)             See the microtype manual for details.
<libs/logoUFCbackground.png, id=138, 703.428pt x 468.3096pt>
File: libs/logoUFCbackground.png Graphic file (type png)
<use libs/logoUFCbackground.png>
Package pdftex.def Info: libs/logoUFCbackground.png  used on input line 48.
(pdftex.def)             Requested size: 619.131pt x 412.21376pt.
<libs/emblemufc.pdf, id=140, 803.0pt x 239.78484pt>
File: libs/emblemufc.pdf Graphic file (type pdf)
<use libs/emblemufc.pdf>
Package pdftex.def Info: libs/emblemufc.pdf  used on input line 48.
(pdftex.def)             Requested size: 80.3047pt x 23.97987pt.
 [1{/var/lib/texmf/fonts/map/pdftex/updmap/pdftex.map}

 </home/otto/Documentos/Arquivos/pessoal/apresentacao-tcc/libs/logoUFCbackground.png> </home/otto/Documentos/Arquivos/pessoal/apresentacao-tcc/libs/emblemufc.pdf>] (/home/otto/Documentos/Arquivos/pessoal/apresentacao-tcc/document.toc)
File: libs/logoUFCbackground.png Graphic file (type png)
<use libs/logoUFCbackground.png>
Package pdftex.def Info: libs/logoUFCbackground.png  used on input line 56.
(pdftex.def)             Requested size: 619.131pt x 412.21376pt.
File: libs/emblemufc.pdf Graphic file (type pdf)
<use libs/emblemufc.pdf>
Package pdftex.def Info: libs/emblemufc.pdf  used on input line 56.
(pdftex.def)             Requested size: 80.3047pt x 23.97987pt.
 [2

]
\openout2 = `sections/section-1.aux'.

 (/home/otto/Documentos/Arquivos/pessoal/apresentacao-tcc/sections/section-1.tex
File: libs/logoUFCbackground.png Graphic file (type png)
<use libs/logoUFCbackground.png>
Package pdftex.def Info: libs/logoUFCbackground.png  used on input line 24.
(pdftex.def)             Requested size: 619.131pt x 412.21376pt.
File: libs/emblemufc.pdf Graphic file (type pdf)
<use libs/emblemufc.pdf>
Package pdftex.def Info: libs/emblemufc.pdf  used on input line 24.
(pdftex.def)             Requested size: 80.3047pt x 23.97987pt.
 [3


]
File: libs/logoUFCbackground.png Graphic file (type png)
<use libs/logoUFCbackground.png>
Package pdftex.def Info: libs/logoUFCbackground.png  used on input line 41.
(pdftex.def)             Requested size: 619.131pt x 412.21376pt.
File: libs/emblemufc.pdf Graphic file (type pdf)
<use libs/emblemufc.pdf>
Package pdftex.def Info: libs/emblemufc.pdf  used on input line 41.
(pdftex.def)             Requested size: 80.3047pt x 23.97987pt.
 [4

]
Package microtype Info: Loading generic protrusion settings for font family
(microtype)             `cmss' (encoding: OT1).
(microtype)             For optimal results, create family-specific settings.
(microtype)             See the microtype manual for details.
LaTeX Font Info:    Trying to load font information for U+msa on input line 55.
 (/usr/share/texlive/texmf-dist/tex/latex/amsfonts/umsa.fd
File: umsa.fd 2013/01/14 v3.01 AMS symbols A
) (/usr/share/texlive/texmf-dist/tex/latex/microtype/mt-msa.cfg
File: mt-msa.cfg 2006/02/04 v1.1 microtype config. file: AMS symbols (a) (RS)
)
LaTeX Font Info:    Trying to load font information for U+msb on input line 55.
 (/usr/share/texlive/texmf-dist/tex/latex/amsfonts/umsb.fd
File: umsb.fd 2013/01/14 v3.01 AMS symbols B
) (/usr/share/texlive/texmf-dist/tex/latex/microtype/mt-msb.cfg
File: mt-msb.cfg 2005/06/01 v1.0 microtype config. file: AMS symbols (b) (RS)
)
LaTeX Font Info:    Font shape `T1/phv/m/it' in size <10> not available
(Font)              Font shape `T1/phv/m/sl' tried instead on input line 55.
LaTeX Font Info:    Font shape `T1/phv/m/it' in size <7> not available
(Font)              Font shape `T1/phv/m/sl' tried instead on input line 55.
LaTeX Font Info:    Font shape `T1/phv/m/it' in size <5> not available
(Font)              Font shape `T1/phv/m/sl' tried instead on input line 55.
File: libs/logoUFCbackground.png Graphic file (type png)
<use libs/logoUFCbackground.png>
Package pdftex.def Info: libs/logoUFCbackground.png  used on input line 55.
(pdftex.def)             Requested size: 619.131pt x 412.21376pt.
File: libs/emblemufc.pdf Graphic file (type pdf)
<use libs/emblemufc.pdf>
Package pdftex.def Info: libs/emblemufc.pdf  used on input line 55.
(pdftex.def)             Requested size: 80.3047pt x 23.97987pt.
 [5

]
File: libs/logoUFCbackground.png Graphic file (type png)
<use libs/logoUFCbackground.png>
Package pdftex.def Info: libs/logoUFCbackground.png  used on input line 55.
(pdftex.def)             Requested size: 619.131pt x 412.21376pt.
File: libs/emblemufc.pdf Graphic file (type pdf)
<use libs/emblemufc.pdf>
Package pdftex.def Info: libs/emblemufc.pdf  used on input line 55.
(pdftex.def)             Requested size: 80.3047pt x 23.97987pt.
 [6

]
File: libs/logoUFCbackground.png Graphic file (type png)
<use libs/logoUFCbackground.png>
Package pdftex.def Info: libs/logoUFCbackground.png  used on input line 55.
(pdftex.def)             Requested size: 619.131pt x 412.21376pt.
File: libs/emblemufc.pdf Graphic file (type pdf)
<use libs/emblemufc.pdf>
Package pdftex.def Info: libs/emblemufc.pdf  used on input line 55.
(pdftex.def)             Requested size: 80.3047pt x 23.97987pt.
 [7

]
File: libs/logoUFCbackground.png Graphic file (type png)
<use libs/logoUFCbackground.png>
Package pdftex.def Info: libs/logoUFCbackground.png  used on input line 78.
(pdftex.def)             Requested size: 619.131pt x 412.21376pt.
File: libs/emblemufc.pdf Graphic file (type pdf)
<use libs/emblemufc.pdf>
Package pdftex.def Info: libs/emblemufc.pdf  used on input line 78.
(pdftex.def)             Requested size: 80.3047pt x 23.97987pt.
 [8

] (/usr/share/texlive/texmf-dist/tex/latex/listings/lstlang1.sty
File: lstlang1.sty 2019/09/10 1.8c listings language file
) (/home/otto/Documentos/Arquivos/pessoal/apresentacao-tcc/code/main.py)
File: libs/logoUFCbackground.png Graphic file (type png)
<use libs/logoUFCbackground.png>
Package pdftex.def Info: libs/logoUFCbackground.png  used on input line 85.
(pdftex.def)             Requested size: 619.131pt x 412.21376pt.
File: libs/emblemufc.pdf Graphic file (type pdf)
<use libs/emblemufc.pdf>
Package pdftex.def Info: libs/emblemufc.pdf  used on input line 85.
(pdftex.def)             Requested size: 80.3047pt x 23.97987pt.
 [9

] (/usr/share/texlive/texmf-dist/tex/latex/listings/lstlang1.sty
File: lstlang1.sty 2019/09/10 1.8c listings language file
) (/usr/share/texlive/texmf-dist/tex/latex/listings/lstmisc.sty
File: lstmisc.sty 2019/09/10 1.8c (Carsten Heinz)
) (/home/otto/Documentos/Arquivos/pessoal/apresentacao-tcc/code/source.c)
File: libs/logoUFCbackground.png Graphic file (type png)
<use libs/logoUFCbackground.png>
Package pdftex.def Info: libs/logoUFCbackground.png  used on input line 90.
(pdftex.def)             Requested size: 619.131pt x 412.21376pt.
File: libs/emblemufc.pdf Graphic file (type pdf)
<use libs/emblemufc.pdf>
Package pdftex.def Info: libs/emblemufc.pdf  used on input line 90.
(pdftex.def)             Requested size: 80.3047pt x 23.97987pt.
 [10

] (/usr/share/texlive/texmf-dist/tex/latex/listings/lstlang1.sty
File: lstlang1.sty 2019/09/10 1.8c listings language file
) (/home/otto/Documentos/Arquivos/pessoal/apresentacao-tcc/code/helloworld.java)
File: libs/logoUFCbackground.png Graphic file (type png)
<use libs/logoUFCbackground.png>
Package pdftex.def Info: libs/logoUFCbackground.png  used on input line 95.
(pdftex.def)             Requested size: 619.131pt x 412.21376pt.
File: libs/emblemufc.pdf Graphic file (type pdf)
<use libs/emblemufc.pdf>
Package pdftex.def Info: libs/emblemufc.pdf  used on input line 95.
(pdftex.def)             Requested size: 80.3047pt x 23.97987pt.
 [11

] (/usr/share/texlive/texmf-dist/tex/latex/listings/lstlang1.sty
File: lstlang1.sty 2019/09/10 1.8c listings language file
) (/usr/share/texlive/texmf-dist/tex/latex/listings/lstmisc.sty
File: lstmisc.sty 2019/09/10 1.8c (Carsten Heinz)
) (/home/otto/Documentos/Arquivos/pessoal/apresentacao-tcc/code/index.html)
File: libs/logoUFCbackground.png Graphic file (type png)
<use libs/logoUFCbackground.png>
Package pdftex.def Info: libs/logoUFCbackground.png  used on input line 100.
(pdftex.def)             Requested size: 619.131pt x 412.21376pt.
File: libs/emblemufc.pdf Graphic file (type pdf)
<use libs/emblemufc.pdf>
Package pdftex.def Info: libs/emblemufc.pdf  used on input line 100.
(pdftex.def)             Requested size: 80.3047pt x 23.97987pt.
 [12

])
\openout2 = `sections/section-2.aux'.

 (/home/otto/Documentos/Arquivos/pessoal/apresentacao-tcc/sections/section-2.tex
File: libs/logoUFCbackground.png Graphic file (type png)
<use libs/logoUFCbackground.png>
Package pdftex.def Info: libs/logoUFCbackground.png  used on input line 13.
(pdftex.def)             Requested size: 619.131pt x 412.21376pt.
File: libs/emblemufc.pdf Graphic file (type pdf)
<use libs/emblemufc.pdf>
Package pdftex.def Info: libs/emblemufc.pdf  used on input line 13.
(pdftex.def)             Requested size: 80.3047pt x 23.97987pt.
 [13



])
\openout2 = `tcc_secoes/cap1-introducao.aux'.

 (/home/otto/Documentos/Arquivos/pessoal/apresentacao-tcc/tcc_secoes/cap1-introducao.tex
File: libs/logoUFCbackground.png Graphic file (type png)
<use libs/logoUFCbackground.png>
Package pdftex.def Info: libs/logoUFCbackground.png  used on input line 29.
(pdftex.def)             Requested size: 619.131pt x 412.21376pt.
File: libs/emblemufc.pdf Graphic file (type pdf)
<use libs/emblemufc.pdf>
Package pdftex.def Info: libs/emblemufc.pdf  used on input line 29.
(pdftex.def)             Requested size: 80.3047pt x 23.97987pt.
 [14



]
File: libs/logoUFCbackground.png Graphic file (type png)
<use libs/logoUFCbackground.png>
Package pdftex.def Info: libs/logoUFCbackground.png  used on input line 39.
(pdftex.def)             Requested size: 619.131pt x 412.21376pt.
File: libs/emblemufc.pdf Graphic file (type pdf)
<use libs/emblemufc.pdf>
Package pdftex.def Info: libs/emblemufc.pdf  used on input line 39.
(pdftex.def)             Requested size: 80.3047pt x 23.97987pt.
 [15

]
File: libs/logoUFCbackground.png Graphic file (type png)
<use libs/logoUFCbackground.png>
Package pdftex.def Info: libs/logoUFCbackground.png  used on input line 79.
(pdftex.def)             Requested size: 619.131pt x 412.21376pt.
File: libs/emblemufc.pdf Graphic file (type pdf)
<use libs/emblemufc.pdf>
Package pdftex.def Info: libs/emblemufc.pdf  used on input line 79.
(pdftex.def)             Requested size: 80.3047pt x 23.97987pt.
 [16

]
File: libs/logoUFCbackground.png Graphic file (type png)
<use libs/logoUFCbackground.png>
Package pdftex.def Info: libs/logoUFCbackground.png  used on input line 99.
(pdftex.def)             Requested size: 619.131pt x 412.21376pt.
File: libs/emblemufc.pdf Graphic file (type pdf)
<use libs/emblemufc.pdf>
Package pdftex.def Info: libs/emblemufc.pdf  used on input line 99.
(pdftex.def)             Requested size: 80.3047pt x 23.97987pt.
 [17

])
\openout2 = `tcc_secoes/cap2-fundamentacao.aux'.

 (/home/otto/Documentos/Arquivos/pessoal/apresentacao-tcc/tcc_secoes/cap2-fundamentacao.tex
File: libs/logoUFCbackground.png Graphic file (type png)
<use libs/logoUFCbackground.png>
Package pdftex.def Info: libs/logoUFCbackground.png  used on input line 6.
(pdftex.def)             Requested size: 619.131pt x 412.21376pt.
File: libs/emblemufc.pdf Graphic file (type pdf)
<use libs/emblemufc.pdf>
Package pdftex.def Info: libs/emblemufc.pdf  used on input line 6.
(pdftex.def)             Requested size: 80.3047pt x 23.97987pt.
 [18



]
File: libs/logoUFCbackground.png Graphic file (type png)
<use libs/logoUFCbackground.png>
Package pdftex.def Info: libs/logoUFCbackground.png  used on input line 19.
(pdftex.def)             Requested size: 619.131pt x 412.21376pt.
File: libs/emblemufc.pdf Graphic file (type pdf)
<use libs/emblemufc.pdf>
Package pdftex.def Info: libs/emblemufc.pdf  used on input line 19.
(pdftex.def)             Requested size: 80.3047pt x 23.97987pt.
 [19

]
File: libs/logoUFCbackground.png Graphic file (type png)
<use libs/logoUFCbackground.png>
Package pdftex.def Info: libs/logoUFCbackground.png  used on input line 32.
(pdftex.def)             Requested size: 619.131pt x 412.21376pt.
File: libs/emblemufc.pdf Graphic file (type pdf)
<use libs/emblemufc.pdf>
Package pdftex.def Info: libs/emblemufc.pdf  used on input line 32.
(pdftex.def)             Requested size: 80.3047pt x 23.97987pt.
 [20

]
File: libs/logoUFCbackground.png Graphic file (type png)
<use libs/logoUFCbackground.png>
Package pdftex.def Info: libs/logoUFCbackground.png  used on input line 40.
(pdftex.def)             Requested size: 619.131pt x 412.21376pt.
File: libs/emblemufc.pdf Graphic file (type pdf)
<use libs/emblemufc.pdf>
Package pdftex.def Info: libs/emblemufc.pdf  used on input line 40.
(pdftex.def)             Requested size: 80.3047pt x 23.97987pt.
 [21

]
File: libs/logoUFCbackground.png Graphic file (type png)
<use libs/logoUFCbackground.png>
Package pdftex.def Info: libs/logoUFCbackground.png  used on input line 53.
(pdftex.def)             Requested size: 619.131pt x 412.21376pt.
File: libs/emblemufc.pdf Graphic file (type pdf)
<use libs/emblemufc.pdf>
Package pdftex.def Info: libs/emblemufc.pdf  used on input line 53.
(pdftex.def)             Requested size: 80.3047pt x 23.97987pt.
 [22

]
File: libs/logoUFCbackground.png Graphic file (type png)
<use libs/logoUFCbackground.png>
Package pdftex.def Info: libs/logoUFCbackground.png  used on input line 66.
(pdftex.def)             Requested size: 619.131pt x 412.21376pt.
File: libs/emblemufc.pdf Graphic file (type pdf)
<use libs/emblemufc.pdf>
Package pdftex.def Info: libs/emblemufc.pdf  used on input line 66.
(pdftex.def)             Requested size: 80.3047pt x 23.97987pt.
 [23

]
LaTeX Font Info:    Trying to load font information for TS1+phv on input line 92.
 (/usr/share/texlive/texmf-dist/tex/latex/psnfss/ts1phv.fd
File: ts1phv.fd 2001/06/04 scalable font definitions for TS1/phv.
)
Package microtype Info: Loading generic protrusion settings for font family
(microtype)             `phv' (encoding: TS1).
(microtype)             For optimal results, create family-specific settings.
(microtype)             See the microtype manual for details.
File: libs/logoUFCbackground.png Graphic file (type png)
<use libs/logoUFCbackground.png>
Package pdftex.def Info: libs/logoUFCbackground.png  used on input line 92.
(pdftex.def)             Requested size: 619.131pt x 412.21376pt.
File: libs/emblemufc.pdf Graphic file (type pdf)
<use libs/emblemufc.pdf>
Package pdftex.def Info: libs/emblemufc.pdf  used on input line 92.
(pdftex.def)             Requested size: 80.3047pt x 23.97987pt.
 [24

]
File: libs/logoUFCbackground.png Graphic file (type png)
<use libs/logoUFCbackground.png>
Package pdftex.def Info: libs/logoUFCbackground.png  used on input line 105.
(pdftex.def)             Requested size: 619.131pt x 412.21376pt.
File: libs/emblemufc.pdf Graphic file (type pdf)
<use libs/emblemufc.pdf>
Package pdftex.def Info: libs/emblemufc.pdf  used on input line 105.
(pdftex.def)             Requested size: 80.3047pt x 23.97987pt.
 [25

]
File: libs/logoUFCbackground.png Graphic file (type png)
<use libs/logoUFCbackground.png>
Package pdftex.def Info: libs/logoUFCbackground.png  used on input line 128.
(pdftex.def)             Requested size: 619.131pt x 412.21376pt.
File: libs/emblemufc.pdf Graphic file (type pdf)
<use libs/emblemufc.pdf>
Package pdftex.def Info: libs/emblemufc.pdf  used on input line 128.
(pdftex.def)             Requested size: 80.3047pt x 23.97987pt.
 [26

]
File: libs/logoUFCbackground.png Graphic file (type png)
<use libs/logoUFCbackground.png>
Package pdftex.def Info: libs/logoUFCbackground.png  used on input line 146.
(pdftex.def)             Requested size: 619.131pt x 412.21376pt.
File: libs/emblemufc.pdf Graphic file (type pdf)
<use libs/emblemufc.pdf>
Package pdftex.def Info: libs/emblemufc.pdf  used on input line 146.
(pdftex.def)             Requested size: 80.3047pt x 23.97987pt.
 [27

]
File: libs/logoUFCbackground.png Graphic file (type png)
<use libs/logoUFCbackground.png>
Package pdftex.def Info: libs/logoUFCbackground.png  used on input line 175.
(pdftex.def)             Requested size: 619.131pt x 412.21376pt.
File: libs/emblemufc.pdf Graphic file (type pdf)
<use libs/emblemufc.pdf>
Package pdftex.def Info: libs/emblemufc.pdf  used on input line 175.
(pdftex.def)             Requested size: 80.3047pt x 23.97987pt.
 [28

])
\openout2 = `tcc_secoes/cap3-metodologia.aux'.

 (/home/otto/Documentos/Arquivos/pessoal/apresentacao-tcc/tcc_secoes/cap3-metodologia.tex
File: libs/logoUFCbackground.png Graphic file (type png)
<use libs/logoUFCbackground.png>
Package pdftex.def Info: libs/logoUFCbackground.png  used on input line 17.
(pdftex.def)             Requested size: 619.131pt x 412.21376pt.
File: libs/emblemufc.pdf Graphic file (type pdf)
<use libs/emblemufc.pdf>
Package pdftex.def Info: libs/emblemufc.pdf  used on input line 17.
(pdftex.def)             Requested size: 80.3047pt x 23.97987pt.
 [29



]
LaTeX Font Info:    Font shape `T1/phv/m/it' in size <8> not available
(Font)              Font shape `T1/phv/m/sl' tried instead on input line 76.
File: libs/logoUFCbackground.png Graphic file (type png)
<use libs/logoUFCbackground.png>
Package pdftex.def Info: libs/logoUFCbackground.png  used on input line 76.
(pdftex.def)             Requested size: 619.131pt x 412.21376pt.
File: libs/emblemufc.pdf Graphic file (type pdf)
<use libs/emblemufc.pdf>
Package pdftex.def Info: libs/emblemufc.pdf  used on input line 76.
(pdftex.def)             Requested size: 80.3047pt x 23.97987pt.
 [30

]
File: libs/logoUFCbackground.png Graphic file (type png)
<use libs/logoUFCbackground.png>
Package pdftex.def Info: libs/logoUFCbackground.png  used on input line 84.
(pdftex.def)             Requested size: 619.131pt x 412.21376pt.
File: libs/emblemufc.pdf Graphic file (type pdf)
<use libs/emblemufc.pdf>
Package pdftex.def Info: libs/emblemufc.pdf  used on input line 84.
(pdftex.def)             Requested size: 80.3047pt x 23.97987pt.
 [31

]
File: libs/logoUFCbackground.png Graphic file (type png)
<use libs/logoUFCbackground.png>
Package pdftex.def Info: libs/logoUFCbackground.png  used on input line 108.
(pdftex.def)             Requested size: 619.131pt x 412.21376pt.
File: libs/emblemufc.pdf Graphic file (type pdf)
<use libs/emblemufc.pdf>
Package pdftex.def Info: libs/emblemufc.pdf  used on input line 108.
(pdftex.def)             Requested size: 80.3047pt x 23.97987pt.
 [32

]
File: libs/logoUFCbackground.png Graphic file (type png)
<use libs/logoUFCbackground.png>
Package pdftex.def Info: libs/logoUFCbackground.png  used on input line 125.
(pdftex.def)             Requested size: 619.131pt x 412.21376pt.
File: libs/emblemufc.pdf Graphic file (type pdf)
<use libs/emblemufc.pdf>
Package pdftex.def Info: libs/emblemufc.pdf  used on input line 125.
(pdftex.def)             Requested size: 80.3047pt x 23.97987pt.
 [33

]
<figuras/cap3/datalogger_tcc.png, id=2585, 694.595pt x 580.1675pt>
File: figuras/cap3/datalogger_tcc.png Graphic file (type png)
<use figuras/cap3/datalogger_tcc.png>
Package pdftex.def Info: figuras/cap3/datalogger_tcc.png  used on input line 137.
(pdftex.def)             Requested size: 208.38011pt x 174.05157pt.

Overfull \vbox (6.16321pt too high) detected at line 137
 []

File: libs/logoUFCbackground.png Graphic file (type png)
<use libs/logoUFCbackground.png>
Package pdftex.def Info: libs/logoUFCbackground.png  used on input line 137.
(pdftex.def)             Requested size: 619.131pt x 412.21376pt.
File: libs/emblemufc.pdf Graphic file (type pdf)
<use libs/emblemufc.pdf>
Package pdftex.def Info: libs/emblemufc.pdf  used on input line 137.
(pdftex.def)             Requested size: 80.3047pt x 23.97987pt.
[34

 </home/otto/Documentos/Arquivos/pessoal/apresentacao-tcc/figuras/cap3/datalogger_tcc.png>]
File: libs/logoUFCbackground.png Graphic file (type png)
<use libs/logoUFCbackground.png>
Package pdftex.def Info: libs/logoUFCbackground.png  used on input line 156.
(pdftex.def)             Requested size: 619.131pt x 412.21376pt.
File: libs/emblemufc.pdf Graphic file (type pdf)
<use libs/emblemufc.pdf>
Package pdftex.def Info: libs/emblemufc.pdf  used on input line 156.
(pdftex.def)             Requested size: 80.3047pt x 23.97987pt.
 [35

]
LaTeX Font Info:    Font shape `T1/phv/m/it' in size <9> not available
(Font)              Font shape `T1/phv/m/sl' tried instead on input line 187.
<figuras/cap3/modulo_block_diagram.png, id=2725, 537.50812pt x 332.74312pt>
File: figuras/cap3/modulo_block_diagram.png Graphic file (type png)
<use figuras/cap3/modulo_block_diagram.png>
Package pdftex.def Info: figuras/cap3/modulo_block_diagram.png  used on input line 187.
(pdftex.def)             Requested size: 188.13066pt x 116.46182pt.

Overfull \hbox (3.75487pt too wide) in paragraph at lines 187--187
 [] 
 []

File: libs/logoUFCbackground.png Graphic file (type png)
<use libs/logoUFCbackground.png>
Package pdftex.def Info: libs/logoUFCbackground.png  used on input line 187.
(pdftex.def)             Requested size: 619.131pt x 412.21376pt.
File: libs/emblemufc.pdf Graphic file (type pdf)
<use libs/emblemufc.pdf>
Package pdftex.def Info: libs/emblemufc.pdf  used on input line 187.
(pdftex.def)             Requested size: 80.3047pt x 23.97987pt.
[36

 </home/otto/Documentos/Arquivos/pessoal/apresentacao-tcc/figuras/cap3/modulo_block_diagram.png>]
LaTeX Font Info:    Font shape `T1/phv/m/it' in size <6> not available
(Font)              Font shape `T1/phv/m/sl' tried instead on input line 222.
File: libs/logoUFCbackground.png Graphic file (type png)
<use libs/logoUFCbackground.png>
Package pdftex.def Info: libs/logoUFCbackground.png  used on input line 222.
(pdftex.def)             Requested size: 619.131pt x 412.21376pt.
File: libs/emblemufc.pdf Graphic file (type pdf)
<use libs/emblemufc.pdf>
Package pdftex.def Info: libs/emblemufc.pdf  used on input line 222.
(pdftex.def)             Requested size: 80.3047pt x 23.97987pt.
 [37

]
File: libs/logoUFCbackground.png Graphic file (type png)
<use libs/logoUFCbackground.png>
Package pdftex.def Info: libs/logoUFCbackground.png  used on input line 249.
(pdftex.def)             Requested size: 619.131pt x 412.21376pt.
File: libs/emblemufc.pdf Graphic file (type pdf)
<use libs/emblemufc.pdf>
Package pdftex.def Info: libs/emblemufc.pdf  used on input line 249.
(pdftex.def)             Requested size: 80.3047pt x 23.97987pt.
 [38

]
File: libs/logoUFCbackground.png Graphic file (type png)
<use libs/logoUFCbackground.png>
Package pdftex.def Info: libs/logoUFCbackground.png  used on input line 339.
(pdftex.def)             Requested size: 619.131pt x 412.21376pt.
File: libs/emblemufc.pdf Graphic file (type pdf)
<use libs/emblemufc.pdf>
Package pdftex.def Info: libs/emblemufc.pdf  used on input line 339.
(pdftex.def)             Requested size: 80.3047pt x 23.97987pt.
 [39

]
File: libs/logoUFCbackground.png Graphic file (type png)
<use libs/logoUFCbackground.png>
Package pdftex.def Info: libs/logoUFCbackground.png  used on input line 339.
(pdftex.def)             Requested size: 619.131pt x 412.21376pt.
File: libs/emblemufc.pdf Graphic file (type pdf)
<use libs/emblemufc.pdf>
Package pdftex.def Info: libs/emblemufc.pdf  used on input line 339.
(pdftex.def)             Requested size: 80.3047pt x 23.97987pt.
 [40


]
File: libs/logoUFCbackground.png Graphic file (type png)
<use libs/logoUFCbackground.png>
Package pdftex.def Info: libs/logoUFCbackground.png  used on input line 339.
(pdftex.def)             Requested size: 619.131pt x 412.21376pt.
File: libs/emblemufc.pdf Graphic file (type pdf)
<use libs/emblemufc.pdf>
Package pdftex.def Info: libs/emblemufc.pdf  used on input line 339.
(pdftex.def)             Requested size: 80.3047pt x 23.97987pt.
 [41


]
File: libs/logoUFCbackground.png Graphic file (type png)
<use libs/logoUFCbackground.png>
Package pdftex.def Info: libs/logoUFCbackground.png  used on input line 339.
(pdftex.def)             Requested size: 619.131pt x 412.21376pt.
File: libs/emblemufc.pdf Graphic file (type pdf)
<use libs/emblemufc.pdf>
Package pdftex.def Info: libs/emblemufc.pdf  used on input line 339.
(pdftex.def)             Requested size: 80.3047pt x 23.97987pt.
 [42


]
<figuras/cap3/pcb/pcb_stackup.png, id=3216, 765.6103pt x 262.73157pt>
File: figuras/cap3/pcb/pcb_stackup.png Graphic file (type png)
<use figuras/cap3/pcb/pcb_stackup.png>
Package pdftex.def Info: figuras/cap3/pcb/pcb_stackup.png  used on input line 425.
(pdftex.def)             Requested size: 276.559pt x 94.90399pt.
<figuras/cap3/particionamento.drawio.PNG, id=3217, 1661.20625pt x 1058.95625pt>
File: figuras/cap3/particionamento.drawio.PNG Graphic file (type png)
<use figuras/cap3/particionamento.drawio.PNG>
Package pdftex.def Info: figuras/cap3/particionamento.drawio.PNG  used on input line 425.
(pdftex.def)             Requested size: 169.01036pt x 107.72772pt.
File: libs/logoUFCbackground.png Graphic file (type png)
<use libs/logoUFCbackground.png>
Package pdftex.def Info: libs/logoUFCbackground.png  used on input line 425.
(pdftex.def)             Requested size: 619.131pt x 412.21376pt.
File: libs/emblemufc.pdf Graphic file (type pdf)
<use libs/emblemufc.pdf>
Package pdftex.def Info: libs/emblemufc.pdf  used on input line 425.
(pdftex.def)             Requested size: 80.3047pt x 23.97987pt.
 [43

]
File: libs/logoUFCbackground.png Graphic file (type png)
<use libs/logoUFCbackground.png>
Package pdftex.def Info: libs/logoUFCbackground.png  used on input line 425.
(pdftex.def)             Requested size: 619.131pt x 412.21376pt.
File: libs/emblemufc.pdf Graphic file (type pdf)
<use libs/emblemufc.pdf>
Package pdftex.def Info: libs/emblemufc.pdf  used on input line 425.
(pdftex.def)             Requested size: 80.3047pt x 23.97987pt.
 [44


 </home/otto/Documentos/Arquivos/pessoal/apresentacao-tcc/figuras/cap3/pcb/pcb_stackup.png>]
File: libs/logoUFCbackground.png Graphic file (type png)
<use libs/logoUFCbackground.png>
Package pdftex.def Info: libs/logoUFCbackground.png  used on input line 425.
(pdftex.def)             Requested size: 619.131pt x 412.21376pt.
File: libs/emblemufc.pdf Graphic file (type pdf)
<use libs/emblemufc.pdf>
Package pdftex.def Info: libs/emblemufc.pdf  used on input line 425.
(pdftex.def)             Requested size: 80.3047pt x 23.97987pt.
 [45


 </home/otto/Documentos/Arquivos/pessoal/apresentacao-tcc/figuras/cap3/particionamento.drawio.PNG>]
File: libs/logoUFCbackground.png Graphic file (type png)
<use libs/logoUFCbackground.png>
Package pdftex.def Info: libs/logoUFCbackground.png  used on input line 433.
(pdftex.def)             Requested size: 619.131pt x 412.21376pt.
File: libs/emblemufc.pdf Graphic file (type pdf)
<use libs/emblemufc.pdf>
Package pdftex.def Info: libs/emblemufc.pdf  used on input line 433.
(pdftex.def)             Requested size: 80.3047pt x 23.97987pt.
 [46

])
\openout2 = `tcc_secoes/cap4-resultados.aux'.

 (/home/otto/Documentos/Arquivos/pessoal/apresentacao-tcc/tcc_secoes/cap4-resultados.tex
File: libs/logoUFCbackground.png Graphic file (type png)
<use libs/logoUFCbackground.png>
Package pdftex.def Info: libs/logoUFCbackground.png  used on input line 29.
(pdftex.def)             Requested size: 619.131pt x 412.21376pt.
File: libs/emblemufc.pdf Graphic file (type pdf)
<use libs/emblemufc.pdf>
Package pdftex.def Info: libs/emblemufc.pdf  used on input line 29.
(pdftex.def)             Requested size: 80.3047pt x 23.97987pt.
 [47



]
File: libs/logoUFCbackground.png Graphic file (type png)
<use libs/logoUFCbackground.png>
Package pdftex.def Info: libs/logoUFCbackground.png  used on input line 89.
(pdftex.def)             Requested size: 619.131pt x 412.21376pt.
File: libs/emblemufc.pdf Graphic file (type pdf)
<use libs/emblemufc.pdf>
Package pdftex.def Info: libs/emblemufc.pdf  used on input line 89.
(pdftex.def)             Requested size: 80.3047pt x 23.97987pt.
 [48

]
File: libs/logoUFCbackground.png Graphic file (type png)
<use libs/logoUFCbackground.png>
Package pdftex.def Info: libs/logoUFCbackground.png  used on input line 117.
(pdftex.def)             Requested size: 619.131pt x 412.21376pt.
File: libs/emblemufc.pdf Graphic file (type pdf)
<use libs/emblemufc.pdf>
Package pdftex.def Info: libs/emblemufc.pdf  used on input line 117.
(pdftex.def)             Requested size: 80.3047pt x 23.97987pt.
 [49

]
Overfull \hbox (187.6445pt too wide) in paragraph at lines 143--143
 []\T1/phv/m/n/5 o 
 []

File: libs/logoUFCbackground.png Graphic file (type png)
<use libs/logoUFCbackground.png>
Package pdftex.def Info: libs/logoUFCbackground.png  used on input line 143.
(pdftex.def)             Requested size: 619.131pt x 412.21376pt.
File: libs/emblemufc.pdf Graphic file (type pdf)
<use libs/emblemufc.pdf>
Package pdftex.def Info: libs/emblemufc.pdf  used on input line 143.
(pdftex.def)             Requested size: 80.3047pt x 23.97987pt.
[50

]
Overfull \vbox (4.2774pt too high) detected at line 197
 []

File: libs/logoUFCbackground.png Graphic file (type png)
<use libs/logoUFCbackground.png>
Package pdftex.def Info: libs/logoUFCbackground.png  used on input line 197.
(pdftex.def)             Requested size: 619.131pt x 412.21376pt.
File: libs/emblemufc.pdf Graphic file (type pdf)
<use libs/emblemufc.pdf>
Package pdftex.def Info: libs/emblemufc.pdf  used on input line 197.
(pdftex.def)             Requested size: 80.3047pt x 23.97987pt.
[51

]
Overfull \hbox (48.15637pt too wide) in paragraph at lines 229--229
 []\T1/phv/m/n/5 o 
 []

File: libs/logoUFCbackground.png Graphic file (type png)
<use libs/logoUFCbackground.png>
Package pdftex.def Info: libs/logoUFCbackground.png  used on input line 229.
(pdftex.def)             Requested size: 619.131pt x 412.21376pt.
File: libs/emblemufc.pdf Graphic file (type pdf)
<use libs/emblemufc.pdf>
Package pdftex.def Info: libs/emblemufc.pdf  used on input line 229.
(pdftex.def)             Requested size: 80.3047pt x 23.97987pt.
[52

]
Overfull \hbox (140.7556pt too wide) in paragraph at lines 261--261
 [] 
 []

File: libs/logoUFCbackground.png Graphic file (type png)
<use libs/logoUFCbackground.png>
Package pdftex.def Info: libs/logoUFCbackground.png  used on input line 261.
(pdftex.def)             Requested size: 619.131pt x 412.21376pt.
File: libs/emblemufc.pdf Graphic file (type pdf)
<use libs/emblemufc.pdf>
Package pdftex.def Info: libs/emblemufc.pdf  used on input line 261.
(pdftex.def)             Requested size: 80.3047pt x 23.97987pt.
[53

]
Overfull \vbox (25.17719pt too high) detected at line 315
 []

File: libs/logoUFCbackground.png Graphic file (type png)
<use libs/logoUFCbackground.png>
Package pdftex.def Info: libs/logoUFCbackground.png  used on input line 315.
(pdftex.def)             Requested size: 619.131pt x 412.21376pt.
File: libs/emblemufc.pdf Graphic file (type pdf)
<use libs/emblemufc.pdf>
Package pdftex.def Info: libs/emblemufc.pdf  used on input line 315.
(pdftex.def)             Requested size: 80.3047pt x 23.97987pt.
[54

])
\openout2 = `tcc_secoes/cap5-conclusao.aux'.

 (/home/otto/Documentos/Arquivos/pessoal/apresentacao-tcc/tcc_secoes/cap5-conclusao.tex
File: libs/logoUFCbackground.png Graphic file (type png)
<use libs/logoUFCbackground.png>
Package pdftex.def Info: libs/logoUFCbackground.png  used on input line 4.
(pdftex.def)             Requested size: 619.131pt x 412.21376pt.
File: libs/emblemufc.pdf Graphic file (type pdf)
<use libs/emblemufc.pdf>
Package pdftex.def Info: libs/emblemufc.pdf  used on input line 4.
(pdftex.def)             Requested size: 80.3047pt x 23.97987pt.
 [55



]
File: libs/logoUFCbackground.png Graphic file (type png)
<use libs/logoUFCbackground.png>
Package pdftex.def Info: libs/logoUFCbackground.png  used on input line 10.
(pdftex.def)             Requested size: 619.131pt x 412.21376pt.
File: libs/emblemufc.pdf Graphic file (type pdf)
<use libs/emblemufc.pdf>
Package pdftex.def Info: libs/emblemufc.pdf  used on input line 10.
(pdftex.def)             Requested size: 80.3047pt x 23.97987pt.
 [56

])
\openout2 = `sections/section-3.aux'.

 (/home/otto/Documentos/Arquivos/pessoal/apresentacao-tcc/sections/section-3.tex
File: libs/emblemufc.pdf Graphic file (type pdf)
<use libs/emblemufc.pdf>
Package pdftex.def Info: libs/emblemufc.pdf  used on input line 10.
(pdftex.def)             Requested size: 240.90186pt x 71.93599pt.
File: libs/logoUFCbackground.png Graphic file (type png)
<use libs/logoUFCbackground.png>
Package pdftex.def Info: libs/logoUFCbackground.png  used on input line 10.
(pdftex.def)             Requested size: 619.131pt x 412.21376pt.
File: libs/emblemufc.pdf Graphic file (type pdf)
<use libs/emblemufc.pdf>
Package pdftex.def Info: libs/emblemufc.pdf  used on input line 10.
(pdftex.def)             Requested size: 80.3047pt x 23.97987pt.
 [57



]
File: libs/logoUFCbackground.png Graphic file (type png)
<use libs/logoUFCbackground.png>
Package pdftex.def Info: libs/logoUFCbackground.png  used on input line 17.
(pdftex.def)             Requested size: 619.131pt x 412.21376pt.
File: libs/emblemufc.pdf Graphic file (type pdf)
<use libs/emblemufc.pdf>
Package pdftex.def Info: libs/emblemufc.pdf  used on input line 17.
(pdftex.def)             Requested size: 80.3047pt x 23.97987pt.
 [58

]
File: libs/logoUFCbackground.png Graphic file (type png)
<use libs/logoUFCbackground.png>
Package pdftex.def Info: libs/logoUFCbackground.png  used on input line 31.
(pdftex.def)             Requested size: 619.131pt x 412.21376pt.
File: libs/emblemufc.pdf Graphic file (type pdf)
<use libs/emblemufc.pdf>
Package pdftex.def Info: libs/emblemufc.pdf  used on input line 31.
(pdftex.def)             Requested size: 80.3047pt x 23.97987pt.
 [59

])
\tf@nav=\write10
\openout10 = `document.nav'.

\tf@toc=\write11
\openout11 = `document.toc'.

\tf@snm=\write12
\openout12 = `document.snm'.

Package atveryend Info: Empty hook `BeforeClearDocument' on input line 74.
Package atveryend Info: Empty hook `AfterLastShipout' on input line 74.
 (/home/otto/Documentos/Arquivos/pessoal/apresentacao-tcc/document.aux (/home/otto/Documentos/Arquivos/pessoal/apresentacao-tcc/sections/section-1.aux) (/home/otto/Documentos/Arquivos/pessoal/apresentacao-tcc/sections/section-2.aux) (/home/otto/Documentos/Arquivos/pessoal/apresentacao-tcc/tcc_secoes/cap1-introducao.aux) (/home/otto/Documentos/Arquivos/pessoal/apresentacao-tcc/tcc_secoes/cap2-fundamentacao.aux) (/home/otto/Documentos/Arquivos/pessoal/apresentacao-tcc/tcc_secoes/cap3-metodologia.aux) (/home/otto/Documentos/Arquivos/pessoal/apresentacao-tcc/tcc_secoes/cap4-resultados.aux) (/home/otto/Documentos/Arquivos/pessoal/apresentacao-tcc/tcc_secoes/cap5-conclusao.aux) (/home/otto/Documentos/Arquivos/pessoal/apresentacao-tcc/sections/section-3.aux))
Package atveryend Info: Executing hook `AtVeryEndDocument' on input line 74.
Package atveryend Info: Executing hook `AtEndAfterFileList' on input line 74.
Package rerunfilecheck Info: File `document.out' has not changed.
(rerunfilecheck)             Checksum: E5A2E93D3A2564330E8A0BDB754C1905;833.
Package logreq Info: Writing requests to 'document.run.xml'.
\openout1 = `document.run.xml'.

 ) 
Here is how much of TeX's memory you used:
 35928 strings out of 483049
 678724 string characters out of 5962914
 1480493 words of memory out of 5000000
 49916 multiletter control sequences out of 15000+600000
 598356 words of font info for 138 fonts, out of 8000000 for 9000
 83 hyphenation exceptions out of 8191
 61i,19n,79p,869b,1987s stack positions out of 5000i,500n,10000p,200000b,80000s
 </home/otto/.texlive2019/texmf-var/fonts/pk/ljfour/jknappen/ec/ectt1200.600pk> </home/otto/.texlive2019/texmf-var/fonts/pk/ljfour/jknappen/ec/ectt0800.600pk>{/usr/share/texlive/texmf-dist/fonts/enc/dvips/base/8r.enc} </home/otto/.texlive2019/texmf-var/fonts/pk/ljfour/jknappen/ec/ectt1000.600pk></usr/share/texlive/texmf-dist/fonts/type1/public/amsfonts/cm/cmmi10.pfb></usr/share/texlive/texmf-dist/fonts/type1/public/amsfonts/cm/cmmi9.pfb></usr/share/texlive/texmf-dist/fonts/type1/public/amsfonts/cm/cmss8.pfb></usr/share/texlive/texmf-dist/fonts/type1/public/amsfonts/cm/cmss9.pfb></usr/share/texlive/texmf-dist/fonts/type1/public/amsfonts/cm/cmsy10.pfb></usr/share/texlive/texmf-dist/fonts/type1/public/amsfonts/cm/cmsy9.pfb></usr/share/texlive/texmf-dist/fonts/type1/urw/helvetic/uhvb8a.pfb></usr/share/texlive/texmf-dist/fonts/type1/urw/helvetic/uhvr8a.pfb></usr/share/texlive/texmf-dist/fonts/type1/urw/helvetic/uhvro8a.pfb>
Output written on /home/otto/Documentos/Arquivos/pessoal/apresentacao-tcc/document.pdf (59 pages, 1090717 bytes).
PDF statistics:
 4598 PDF objects out of 5155 (max. 8388607)
 4235 compressed objects within 43 object streams
 154 named destinations out of 1000 (max. 500000)
 40677 words of extra memory for PDF output out of 42996 (max. 10000000)

